[2025-04-18 10:40:09Z INFO HostContext] No proxy settings were found based on environmental variables (http_proxy/https_proxy/HTTP_PROXY/HTTPS_PROXY)
[2025-04-18 10:40:09Z INFO HostContext] Well known directory 'Bin': '/home/aprelix/courseproject/courseproject/actions-runner/bin'
[2025-04-18 10:40:09Z INFO HostContext] Well known directory 'Root': '/home/aprelix/courseproject/courseproject/actions-runner'
[2025-04-18 10:40:09Z INFO HostContext] Well known config file 'Credentials': '/home/aprelix/courseproject/courseproject/actions-runner/.credentials'
[2025-04-18 10:40:09Z INFO HostContext] Well known directory 'Bin': '/home/aprelix/courseproject/courseproject/actions-runner/bin'
[2025-04-18 10:40:09Z INFO HostContext] Well known directory 'Root': '/home/aprelix/courseproject/courseproject/actions-runner'
[2025-04-18 10:40:09Z INFO HostContext] Well known config file 'Runner': '/home/aprelix/courseproject/courseproject/actions-runner/.runner'
[2025-04-18 10:40:09Z INFO Listener] Runner is built for Linux (Arm64) - linux-arm64.
[2025-04-18 10:40:09Z INFO Listener] RuntimeInformation: Ubuntu 24.10.
[2025-04-18 10:40:09Z INFO Listener] Version: 2.323.0
[2025-04-18 10:40:09Z INFO Listener] Commit: d8b82f44a9ec0258904d5869ae683c31d5aac299
[2025-04-18 10:40:09Z INFO Listener] Culture: en-US
[2025-04-18 10:40:09Z INFO Listener] UI Culture: en-US
[2025-04-18 10:40:09Z INFO HostContext] Well known directory 'Bin': '/home/aprelix/courseproject/courseproject/actions-runner/bin'
[2025-04-18 10:40:09Z INFO HostContext] Well known directory 'Root': '/home/aprelix/courseproject/courseproject/actions-runner'
[2025-04-18 10:40:09Z INFO Listener] Validating directory permissions for: '/home/aprelix/courseproject/courseproject/actions-runner'
[2025-04-18 10:40:09Z INFO CommandLineParser] Parse
[2025-04-18 10:40:09Z INFO CommandLineParser] Parsing 1 args
[2025-04-18 10:40:09Z INFO CommandLineParser] parsing argument
[2025-04-18 10:40:09Z INFO CommandLineParser] HasArgs: False
[2025-04-18 10:40:09Z INFO CommandLineParser] Adding Command: run
[2025-04-18 10:40:09Z INFO Listener] Arguments parsed
[2025-04-18 10:40:09Z INFO Runner] ExecuteCommand
[2025-04-18 10:40:09Z INFO ConfigurationStore] currentAssemblyLocation: /home/aprelix/courseproject/courseproject/actions-runner/bin/Runner.Listener.dll
[2025-04-18 10:40:09Z INFO HostContext] Well known directory 'Bin': '/home/aprelix/courseproject/courseproject/actions-runner/bin'
[2025-04-18 10:40:09Z INFO ConfigurationStore] binPath: /home/aprelix/courseproject/courseproject/actions-runner/bin
[2025-04-18 10:40:09Z INFO HostContext] Well known directory 'Bin': '/home/aprelix/courseproject/courseproject/actions-runner/bin'
[2025-04-18 10:40:09Z INFO HostContext] Well known directory 'Root': '/home/aprelix/courseproject/courseproject/actions-runner'
[2025-04-18 10:40:09Z INFO ConfigurationStore] RootFolder: /home/aprelix/courseproject/courseproject/actions-runner
[2025-04-18 10:40:09Z INFO HostContext] Well known directory 'Bin': '/home/aprelix/courseproject/courseproject/actions-runner/bin'
[2025-04-18 10:40:09Z INFO HostContext] Well known directory 'Root': '/home/aprelix/courseproject/courseproject/actions-runner'
[2025-04-18 10:40:09Z INFO HostContext] Well known config file 'Runner': '/home/aprelix/courseproject/courseproject/actions-runner/.runner'
[2025-04-18 10:40:09Z INFO ConfigurationStore] ConfigFilePath: /home/aprelix/courseproject/courseproject/actions-runner/.runner
[2025-04-18 10:40:09Z INFO HostContext] Well known directory 'Bin': '/home/aprelix/courseproject/courseproject/actions-runner/bin'
[2025-04-18 10:40:09Z INFO HostContext] Well known directory 'Root': '/home/aprelix/courseproject/courseproject/actions-runner'
[2025-04-18 10:40:09Z INFO HostContext] Well known config file 'MigratedRunner': '/home/aprelix/courseproject/courseproject/actions-runner/.runner_migrated'
[2025-04-18 10:40:09Z INFO ConfigurationStore] MigratedConfigFilePath: /home/aprelix/courseproject/courseproject/actions-runner/.runner_migrated
[2025-04-18 10:40:09Z INFO HostContext] Well known directory 'Bin': '/home/aprelix/courseproject/courseproject/actions-runner/bin'
[2025-04-18 10:40:09Z INFO HostContext] Well known directory 'Root': '/home/aprelix/courseproject/courseproject/actions-runner'
[2025-04-18 10:40:09Z INFO HostContext] Well known config file 'Credentials': '/home/aprelix/courseproject/courseproject/actions-runner/.credentials'
[2025-04-18 10:40:09Z INFO ConfigurationStore] CredFilePath: /home/aprelix/courseproject/courseproject/actions-runner/.credentials
[2025-04-18 10:40:09Z INFO HostContext] Well known directory 'Bin': '/home/aprelix/courseproject/courseproject/actions-runner/bin'
[2025-04-18 10:40:09Z INFO HostContext] Well known directory 'Root': '/home/aprelix/courseproject/courseproject/actions-runner'
[2025-04-18 10:40:09Z INFO HostContext] Well known config file 'MigratedCredentials': '/home/aprelix/courseproject/courseproject/actions-runner/.credentials_migrated'
[2025-04-18 10:40:09Z INFO ConfigurationStore] MigratedCredFilePath: /home/aprelix/courseproject/courseproject/actions-runner/.credentials_migrated
[2025-04-18 10:40:09Z INFO HostContext] Well known directory 'Bin': '/home/aprelix/courseproject/courseproject/actions-runner/bin'
[2025-04-18 10:40:09Z INFO HostContext] Well known directory 'Root': '/home/aprelix/courseproject/courseproject/actions-runner'
[2025-04-18 10:40:09Z INFO HostContext] Well known config file 'Service': '/home/aprelix/courseproject/courseproject/actions-runner/.service'
[2025-04-18 10:40:09Z INFO ConfigurationStore] ServiceConfigFilePath: /home/aprelix/courseproject/courseproject/actions-runner/.service
[2025-04-18 10:40:09Z INFO CommandSettings] Flag 'help': 'False'
[2025-04-18 10:40:09Z INFO CommandSettings] Flag 'version': 'False'
[2025-04-18 10:40:09Z INFO CommandSettings] Flag 'commit': 'False'
[2025-04-18 10:40:09Z INFO CommandSettings] Flag 'check': 'False'
[2025-04-18 10:40:10Z INFO CommandSettings] Command 'configure': 'False'
[2025-04-18 10:40:10Z INFO CommandSettings] Command 'remove': 'False'
[2025-04-18 10:40:10Z INFO CommandSettings] Command 'warmup': 'False'
[2025-04-18 10:40:10Z INFO ConfigurationManager] LoadSettings
[2025-04-18 10:40:10Z INFO ConfigurationStore] IsConfigured()
[2025-04-18 10:40:10Z INFO ConfigurationStore] IsConfigured: True
[2025-04-18 10:40:10Z INFO ConfigurationManager] Is configured: True
[2025-04-18 10:40:10Z INFO ConfigurationStore] Read setting file: 301 chars
[2025-04-18 10:40:10Z INFO ConfigurationManager] Settings Loaded
[2025-04-18 10:40:10Z INFO ConfigurationStore] IsServiceConfigured()
[2025-04-18 10:40:10Z INFO ConfigurationStore] IsServiceConfigured: False
[2025-04-18 10:40:10Z INFO CommandSettings] Command 'run': 'True'
[2025-04-18 10:40:10Z INFO ConfigurationStore] IsConfigured()
[2025-04-18 10:40:10Z INFO ConfigurationStore] IsConfigured: True
[2025-04-18 10:40:10Z INFO ConfigurationManager] Is configured: True
[2025-04-18 10:40:10Z INFO Runner] Could not parse the argument value '' for StartupType. Defaulting to Manual
[2025-04-18 10:40:10Z INFO Runner] Set runner startup type - Manual
[2025-04-18 10:40:10Z INFO CommandSettings] Flag 'once': 'False'
[2025-04-18 10:40:10Z INFO CommandSettings] Flag 'once': 'False'
[2025-04-18 10:40:10Z INFO Runner] RunAsync
[2025-04-18 10:40:10Z INFO ConfigurationManager] LoadSettings
[2025-04-18 10:40:10Z INFO ConfigurationStore] IsConfigured()
[2025-04-18 10:40:10Z INFO ConfigurationStore] IsConfigured: True
[2025-04-18 10:40:10Z INFO ConfigurationManager] Is configured: True
[2025-04-18 10:40:10Z INFO ConfigurationManager] Settings Loaded
[2025-04-18 10:40:10Z INFO MessageListener] {
  "AgentId": 22,
  "AgentName": "grisha",
  "PoolId": 1,
  "PoolName": "Default",
  "ServerUrl": "https://pipelinesghubeus5.actions.githubusercontent.com/0wQjaOheEfxSLcxUXTTDf7v2W8Oi9QWFpSBZRbURgOKlg08FeQ/",
  "GitHubUrl": "https://github.com/grisha-topolev/courseproject",
  "WorkFolder": "_work"
}
[2025-04-18 10:40:10Z INFO MessageListener] Loading Credentials
[2025-04-18 10:40:10Z INFO ConfigurationStore] HasCredentials()
[2025-04-18 10:40:10Z INFO ConfigurationStore] stored True
[2025-04-18 10:40:10Z INFO CredentialManager] GetCredentialProvider
[2025-04-18 10:40:10Z INFO CredentialManager] Creating type OAuth
[2025-04-18 10:40:10Z INFO CredentialManager] Creating credential type: OAuth
[2025-04-18 10:40:10Z INFO HostContext] Well known directory 'Bin': '/home/aprelix/courseproject/courseproject/actions-runner/bin'
[2025-04-18 10:40:10Z INFO HostContext] Well known directory 'Root': '/home/aprelix/courseproject/courseproject/actions-runner'
[2025-04-18 10:40:10Z INFO HostContext] Well known config file 'RSACredentials': '/home/aprelix/courseproject/courseproject/actions-runner/.credentials_rsaparams'
[2025-04-18 10:40:10Z INFO RSAFileKeyManager] Loading RSA key parameters from file /home/aprelix/courseproject/courseproject/actions-runner/.credentials_rsaparams
[2025-04-18 10:40:10Z INFO MessageListener] Attempt to create session.
[2025-04-18 10:40:10Z INFO MessageListener] Connecting to the Runner Server...
[2025-04-18 10:40:10Z INFO RunnerServer] EstablishVssConnection
[2025-04-18 10:40:10Z INFO RunnerServer] Establish connection with 100 seconds timeout.
[2025-04-18 10:40:10Z INFO GitHubActionsService] Starting operation Location.GetConnectionData
[2025-04-18 10:40:10Z INFO RunnerServer] EstablishVssConnection
[2025-04-18 10:40:10Z INFO RunnerServer] Establish connection with 60 seconds timeout.
[2025-04-18 10:40:10Z INFO GitHubActionsService] Starting operation Location.GetConnectionData
[2025-04-18 10:40:10Z INFO RunnerServer] EstablishVssConnection
[2025-04-18 10:40:10Z INFO RunnerServer] Establish connection with 60 seconds timeout.
[2025-04-18 10:40:10Z INFO GitHubActionsService] Starting operation Location.GetConnectionData
[2025-04-18 10:40:11Z INFO GitHubActionsService] Finished operation Location.GetConnectionData
[2025-04-18 10:40:11Z INFO GitHubActionsService] Finished operation Location.GetConnectionData
[2025-04-18 10:40:11Z INFO GitHubActionsService] Finished operation Location.GetConnectionData
[2025-04-18 10:40:11Z INFO MessageListener] VssConnection created
[2025-04-18 10:40:11Z INFO Terminal] WRITE LINE: 
[2025-04-18 10:40:11Z INFO Terminal] WRITE LINE: 
[2025-04-18 10:40:11Z INFO RSAFileKeyManager] Loading RSA key parameters from file /home/aprelix/courseproject/courseproject/actions-runner/.credentials_rsaparams
[2025-04-18 10:40:11Z INFO RSAFileKeyManager] Loading RSA key parameters from file /home/aprelix/courseproject/courseproject/actions-runner/.credentials_rsaparams
[2025-04-18 10:40:12Z INFO GitHubActionsService] AAD Correlation ID for this token request: Unknown
[2025-04-18 10:40:12Z INFO MessageListener] Session created.
[2025-04-18 10:40:12Z INFO Terminal] WRITE LINE: Current runner version: '2.323.0'
[2025-04-18 10:40:12Z INFO Terminal] WRITE LINE: 2025-04-18 10:40:12Z: Listening for Jobs
[2025-04-18 10:40:12Z INFO JobDispatcher] Set runner/worker IPC timeout to 30 seconds.
[2025-04-18 10:40:12Z INFO RSAFileKeyManager] Loading RSA key parameters from file /home/aprelix/courseproject/courseproject/actions-runner/.credentials_rsaparams
[2025-04-18 10:40:12Z INFO GitHubActionsService] AAD Correlation ID for this token request: Unknown
[2025-04-18 10:41:27Z INFO MessageListener] Message '6152042866134882919' received from session '1f89a486-2832-488f-a820-c73f175c2abc'.
[2025-04-18 10:41:27Z INFO ConfigurationStore] HasCredentials()
[2025-04-18 10:41:27Z INFO ConfigurationStore] stored True
[2025-04-18 10:41:27Z INFO CredentialManager] GetCredentialProvider
[2025-04-18 10:41:27Z INFO CredentialManager] Creating type OAuth
[2025-04-18 10:41:27Z INFO CredentialManager] Creating credential type: OAuth
[2025-04-18 10:41:27Z INFO RSAFileKeyManager] Loading RSA key parameters from file /home/aprelix/courseproject/courseproject/actions-runner/.credentials_rsaparams
[2025-04-18 10:41:27Z INFO RSAFileKeyManager] Loading RSA key parameters from file /home/aprelix/courseproject/courseproject/actions-runner/.credentials_rsaparams
[2025-04-18 10:41:27Z INFO RSAFileKeyManager] Loading RSA key parameters from file /home/aprelix/courseproject/courseproject/actions-runner/.credentials_rsaparams
[2025-04-18 10:41:28Z INFO GitHubActionsService] AAD Correlation ID for this token request: Unknown
[2025-04-18 10:41:29Z INFO JobDispatcher] Job request 0 for plan 8a6dfddc-5da9-4d9b-80c3-535c8e5347e7 job 2e8c72fb-aa2d-57e9-a837-a60c5343bf97 received.
[2025-04-18 10:41:29Z INFO MessageListener] Received job status event. JobState: Busy
[2025-04-18 10:41:29Z INFO MessageListener] _getMessagesTokenSource is already disposed.
[2025-04-18 10:41:29Z INFO Terminal] WRITE LINE: 2025-04-18 10:41:29Z: Running job: build-deploy
[2025-04-18 10:41:29Z INFO JobDispatcher] Start renew job request 0 for job 2e8c72fb-aa2d-57e9-a837-a60c5343bf97.
[2025-04-18 10:41:29Z INFO JobDispatcher] Successfully renew job 2e8c72fb-aa2d-57e9-a837-a60c5343bf97, job is valid till 4/18/2025 10:51:29 AM
[2025-04-18 10:41:29Z INFO HostContext] Well known directory 'Bin': '/home/aprelix/courseproject/courseproject/actions-runner/bin'
[2025-04-18 10:41:29Z INFO ProcessInvokerWrapper] Starting process:
[2025-04-18 10:41:29Z INFO ProcessInvokerWrapper]   File name: '/home/aprelix/courseproject/courseproject/actions-runner/bin/Runner.Worker'
[2025-04-18 10:41:29Z INFO ProcessInvokerWrapper]   Arguments: 'spawnclient 147 150'
[2025-04-18 10:41:29Z INFO ProcessInvokerWrapper]   Working directory: '/home/aprelix/courseproject/courseproject/actions-runner/bin'
[2025-04-18 10:41:29Z INFO ProcessInvokerWrapper]   Require exit code zero: 'False'
[2025-04-18 10:41:29Z INFO ProcessInvokerWrapper]   Encoding web name:  ; code page: ''
[2025-04-18 10:41:29Z INFO ProcessInvokerWrapper]   Force kill process on cancellation: 'True'
[2025-04-18 10:41:29Z INFO ProcessInvokerWrapper]   Redirected STDIN: 'False'
[2025-04-18 10:41:29Z INFO ProcessInvokerWrapper]   Persist current code page: 'False'
[2025-04-18 10:41:29Z INFO ProcessInvokerWrapper]   Keep redirected STDIN open: 'False'
[2025-04-18 10:41:29Z INFO ProcessInvokerWrapper]   High priority process: 'True'
[2025-04-18 10:41:29Z INFO ProcessInvokerWrapper] Process started with process id 7848, waiting for process exit.
[2025-04-18 10:41:29Z INFO JobDispatcher] Send job request message to worker for job 2e8c72fb-aa2d-57e9-a837-a60c5343bf97.
[2025-04-18 10:41:29Z INFO ProcessChannel] Sending message of length 21266, with hash '53ca18878a610005e4e789f6a2acfdcb5e9b59fa4e1a4508cddbd7be11136658'
[2025-04-18 10:41:29Z INFO JobNotification] Entering JobStarted Notification
[2025-04-18 10:41:29Z INFO JobNotification] Entering StartMonitor
[2025-04-18 10:42:08Z INFO ProcessInvokerWrapper] STDOUT/STDERR stream read finished.
[2025-04-18 10:42:08Z INFO ProcessInvokerWrapper] STDOUT/STDERR stream read finished.
[2025-04-18 10:42:08Z INFO ProcessInvokerWrapper] Finished process 7848 with exit code 102, and elapsed time 00:00:39.2179541.
[2025-04-18 10:42:08Z INFO JobDispatcher] Worker finished for job 2e8c72fb-aa2d-57e9-a837-a60c5343bf97. Code: 102
[2025-04-18 10:42:08Z INFO JobDispatcher] finish job request for job 2e8c72fb-aa2d-57e9-a837-a60c5343bf97 with result: Failed
[2025-04-18 10:42:08Z INFO Terminal] WRITE LINE: 2025-04-18 10:42:08Z: Job build-deploy completed with result: Failed
[2025-04-18 10:42:08Z INFO JobDispatcher] Stop renew job request for job 2e8c72fb-aa2d-57e9-a837-a60c5343bf97.
[2025-04-18 10:42:08Z INFO JobDispatcher] job renew has been cancelled, stop renew job 2e8c72fb-aa2d-57e9-a837-a60c5343bf97.
[2025-04-18 10:42:09Z INFO JobNotification] Entering JobCompleted Notification
[2025-04-18 10:42:09Z INFO JobNotification] Entering EndMonitor
[2025-04-18 10:42:09Z INFO MessageListener] Received job status event. JobState: Online
