[2025-04-18 11:55:02Z INFO HostContext] No proxy settings were found based on environmental variables (http_proxy/https_proxy/HTTP_PROXY/HTTPS_PROXY)
[2025-04-18 11:55:02Z INFO HostContext] Well known directory 'Bin': '/home/aprelix/courseproject/courseproject/actions-runner/bin'
[2025-04-18 11:55:02Z INFO HostContext] Well known directory 'Root': '/home/aprelix/courseproject/courseproject/actions-runner'
[2025-04-18 11:55:02Z INFO HostContext] Well known config file 'Credentials': '/home/aprelix/courseproject/courseproject/actions-runner/.credentials'
[2025-04-18 11:55:02Z INFO HostContext] Well known directory 'Bin': '/home/aprelix/courseproject/courseproject/actions-runner/bin'
[2025-04-18 11:55:02Z INFO HostContext] Well known directory 'Root': '/home/aprelix/courseproject/courseproject/actions-runner'
[2025-04-18 11:55:02Z INFO HostContext] Well known config file 'Runner': '/home/aprelix/courseproject/courseproject/actions-runner/.runner'
[2025-04-18 11:55:02Z INFO Listener] Runner is built for Linux (Arm64) - linux-arm64.
[2025-04-18 11:55:02Z INFO Listener] RuntimeInformation: Ubuntu 24.10.
[2025-04-18 11:55:02Z INFO Listener] Version: 2.323.0
[2025-04-18 11:55:02Z INFO Listener] Commit: d8b82f44a9ec0258904d5869ae683c31d5aac299
[2025-04-18 11:55:02Z INFO Listener] Culture: en-US
[2025-04-18 11:55:02Z INFO Listener] UI Culture: en-US
[2025-04-18 11:55:02Z INFO HostContext] Well known directory 'Bin': '/home/aprelix/courseproject/courseproject/actions-runner/bin'
[2025-04-18 11:55:02Z INFO HostContext] Well known directory 'Root': '/home/aprelix/courseproject/courseproject/actions-runner'
[2025-04-18 11:55:02Z INFO Listener] Validating directory permissions for: '/home/aprelix/courseproject/courseproject/actions-runner'
[2025-04-18 11:55:02Z INFO CommandLineParser] Parse
[2025-04-18 11:55:02Z INFO CommandLineParser] Parsing 1 args
[2025-04-18 11:55:02Z INFO CommandLineParser] parsing argument
[2025-04-18 11:55:02Z INFO CommandLineParser] HasArgs: False
[2025-04-18 11:55:02Z INFO CommandLineParser] Adding Command: run
[2025-04-18 11:55:02Z INFO Listener] Arguments parsed
[2025-04-18 11:55:02Z INFO Runner] ExecuteCommand
[2025-04-18 11:55:02Z INFO ConfigurationStore] currentAssemblyLocation: /home/aprelix/courseproject/courseproject/actions-runner/bin/Runner.Listener.dll
[2025-04-18 11:55:02Z INFO HostContext] Well known directory 'Bin': '/home/aprelix/courseproject/courseproject/actions-runner/bin'
[2025-04-18 11:55:02Z INFO ConfigurationStore] binPath: /home/aprelix/courseproject/courseproject/actions-runner/bin
[2025-04-18 11:55:02Z INFO HostContext] Well known directory 'Bin': '/home/aprelix/courseproject/courseproject/actions-runner/bin'
[2025-04-18 11:55:02Z INFO HostContext] Well known directory 'Root': '/home/aprelix/courseproject/courseproject/actions-runner'
[2025-04-18 11:55:02Z INFO ConfigurationStore] RootFolder: /home/aprelix/courseproject/courseproject/actions-runner
[2025-04-18 11:55:02Z INFO HostContext] Well known directory 'Bin': '/home/aprelix/courseproject/courseproject/actions-runner/bin'
[2025-04-18 11:55:02Z INFO HostContext] Well known directory 'Root': '/home/aprelix/courseproject/courseproject/actions-runner'
[2025-04-18 11:55:02Z INFO HostContext] Well known config file 'Runner': '/home/aprelix/courseproject/courseproject/actions-runner/.runner'
[2025-04-18 11:55:02Z INFO ConfigurationStore] ConfigFilePath: /home/aprelix/courseproject/courseproject/actions-runner/.runner
[2025-04-18 11:55:02Z INFO HostContext] Well known directory 'Bin': '/home/aprelix/courseproject/courseproject/actions-runner/bin'
[2025-04-18 11:55:02Z INFO HostContext] Well known directory 'Root': '/home/aprelix/courseproject/courseproject/actions-runner'
[2025-04-18 11:55:02Z INFO HostContext] Well known config file 'MigratedRunner': '/home/aprelix/courseproject/courseproject/actions-runner/.runner_migrated'
[2025-04-18 11:55:02Z INFO ConfigurationStore] MigratedConfigFilePath: /home/aprelix/courseproject/courseproject/actions-runner/.runner_migrated
[2025-04-18 11:55:02Z INFO HostContext] Well known directory 'Bin': '/home/aprelix/courseproject/courseproject/actions-runner/bin'
[2025-04-18 11:55:02Z INFO HostContext] Well known directory 'Root': '/home/aprelix/courseproject/courseproject/actions-runner'
[2025-04-18 11:55:02Z INFO HostContext] Well known config file 'Credentials': '/home/aprelix/courseproject/courseproject/actions-runner/.credentials'
[2025-04-18 11:55:02Z INFO ConfigurationStore] CredFilePath: /home/aprelix/courseproject/courseproject/actions-runner/.credentials
[2025-04-18 11:55:02Z INFO HostContext] Well known directory 'Bin': '/home/aprelix/courseproject/courseproject/actions-runner/bin'
[2025-04-18 11:55:02Z INFO HostContext] Well known directory 'Root': '/home/aprelix/courseproject/courseproject/actions-runner'
[2025-04-18 11:55:02Z INFO HostContext] Well known config file 'MigratedCredentials': '/home/aprelix/courseproject/courseproject/actions-runner/.credentials_migrated'
[2025-04-18 11:55:02Z INFO ConfigurationStore] MigratedCredFilePath: /home/aprelix/courseproject/courseproject/actions-runner/.credentials_migrated
[2025-04-18 11:55:02Z INFO HostContext] Well known directory 'Bin': '/home/aprelix/courseproject/courseproject/actions-runner/bin'
[2025-04-18 11:55:02Z INFO HostContext] Well known directory 'Root': '/home/aprelix/courseproject/courseproject/actions-runner'
[2025-04-18 11:55:02Z INFO HostContext] Well known config file 'Service': '/home/aprelix/courseproject/courseproject/actions-runner/.service'
[2025-04-18 11:55:02Z INFO ConfigurationStore] ServiceConfigFilePath: /home/aprelix/courseproject/courseproject/actions-runner/.service
[2025-04-18 11:55:02Z INFO CommandSettings] Flag 'help': 'False'
[2025-04-18 11:55:02Z INFO CommandSettings] Flag 'version': 'False'
[2025-04-18 11:55:02Z INFO CommandSettings] Flag 'commit': 'False'
[2025-04-18 11:55:02Z INFO CommandSettings] Flag 'check': 'False'
[2025-04-18 11:55:02Z INFO CommandSettings] Command 'configure': 'False'
[2025-04-18 11:55:02Z INFO CommandSettings] Command 'remove': 'False'
[2025-04-18 11:55:02Z INFO CommandSettings] Command 'warmup': 'False'
[2025-04-18 11:55:02Z INFO ConfigurationManager] LoadSettings
[2025-04-18 11:55:02Z INFO ConfigurationStore] IsConfigured()
[2025-04-18 11:55:02Z INFO ConfigurationStore] IsConfigured: True
[2025-04-18 11:55:02Z INFO ConfigurationManager] Is configured: True
[2025-04-18 11:55:02Z INFO ConfigurationStore] Read setting file: 301 chars
[2025-04-18 11:55:02Z INFO ConfigurationManager] Settings Loaded
[2025-04-18 11:55:02Z INFO ConfigurationStore] IsServiceConfigured()
[2025-04-18 11:55:02Z INFO ConfigurationStore] IsServiceConfigured: False
[2025-04-18 11:55:02Z INFO CommandSettings] Command 'run': 'True'
[2025-04-18 11:55:02Z INFO ConfigurationStore] IsConfigured()
[2025-04-18 11:55:02Z INFO ConfigurationStore] IsConfigured: True
[2025-04-18 11:55:02Z INFO ConfigurationManager] Is configured: True
[2025-04-18 11:55:02Z INFO Runner] Could not parse the argument value '' for StartupType. Defaulting to Manual
[2025-04-18 11:55:02Z INFO Runner] Set runner startup type - Manual
[2025-04-18 11:55:02Z INFO CommandSettings] Flag 'once': 'False'
[2025-04-18 11:55:02Z INFO CommandSettings] Flag 'once': 'False'
[2025-04-18 11:55:02Z INFO Runner] RunAsync
[2025-04-18 11:55:02Z INFO ConfigurationManager] LoadSettings
[2025-04-18 11:55:02Z INFO ConfigurationStore] IsConfigured()
[2025-04-18 11:55:02Z INFO ConfigurationStore] IsConfigured: True
[2025-04-18 11:55:02Z INFO ConfigurationManager] Is configured: True
[2025-04-18 11:55:02Z INFO ConfigurationManager] Settings Loaded
[2025-04-18 11:55:03Z INFO MessageListener] {
  "AgentId": 22,
  "AgentName": "grisha",
  "PoolId": 1,
  "PoolName": "Default",
  "ServerUrl": "https://pipelinesghubeus5.actions.githubusercontent.com/0wQjaOheEfxSLcxUXTTDf7v2W8Oi9QWFpSBZRbURgOKlg08FeQ/",
  "GitHubUrl": "https://github.com/grisha-topolev/courseproject",
  "WorkFolder": "_work"
}
[2025-04-18 11:55:03Z INFO MessageListener] Loading Credentials
[2025-04-18 11:55:03Z INFO ConfigurationStore] HasCredentials()
[2025-04-18 11:55:03Z INFO ConfigurationStore] stored True
[2025-04-18 11:55:03Z INFO CredentialManager] GetCredentialProvider
[2025-04-18 11:55:03Z INFO CredentialManager] Creating type OAuth
[2025-04-18 11:55:03Z INFO CredentialManager] Creating credential type: OAuth
[2025-04-18 11:55:03Z INFO HostContext] Well known directory 'Bin': '/home/aprelix/courseproject/courseproject/actions-runner/bin'
[2025-04-18 11:55:03Z INFO HostContext] Well known directory 'Root': '/home/aprelix/courseproject/courseproject/actions-runner'
[2025-04-18 11:55:03Z INFO HostContext] Well known config file 'RSACredentials': '/home/aprelix/courseproject/courseproject/actions-runner/.credentials_rsaparams'
[2025-04-18 11:55:03Z INFO RSAFileKeyManager] Loading RSA key parameters from file /home/aprelix/courseproject/courseproject/actions-runner/.credentials_rsaparams
[2025-04-18 11:55:03Z INFO MessageListener] Attempt to create session.
[2025-04-18 11:55:03Z INFO MessageListener] Connecting to the Runner Server...
[2025-04-18 11:55:03Z INFO RunnerServer] EstablishVssConnection
[2025-04-18 11:55:03Z INFO RunnerServer] Establish connection with 100 seconds timeout.
[2025-04-18 11:55:03Z INFO GitHubActionsService] Starting operation Location.GetConnectionData
[2025-04-18 11:55:03Z INFO RunnerServer] EstablishVssConnection
[2025-04-18 11:55:03Z INFO RunnerServer] Establish connection with 60 seconds timeout.
[2025-04-18 11:55:03Z INFO GitHubActionsService] Starting operation Location.GetConnectionData
[2025-04-18 11:55:03Z INFO RunnerServer] EstablishVssConnection
[2025-04-18 11:55:03Z INFO RunnerServer] Establish connection with 60 seconds timeout.
[2025-04-18 11:55:03Z INFO GitHubActionsService] Starting operation Location.GetConnectionData
[2025-04-18 11:55:03Z INFO GitHubActionsService] Finished operation Location.GetConnectionData
[2025-04-18 11:55:03Z INFO GitHubActionsService] Finished operation Location.GetConnectionData
[2025-04-18 11:55:04Z INFO GitHubActionsService] Finished operation Location.GetConnectionData
[2025-04-18 11:55:04Z INFO MessageListener] VssConnection created
[2025-04-18 11:55:04Z INFO Terminal] WRITE LINE: 
[2025-04-18 11:55:04Z INFO Terminal] WRITE LINE: 
[2025-04-18 11:55:04Z INFO RSAFileKeyManager] Loading RSA key parameters from file /home/aprelix/courseproject/courseproject/actions-runner/.credentials_rsaparams
[2025-04-18 11:55:04Z INFO RSAFileKeyManager] Loading RSA key parameters from file /home/aprelix/courseproject/courseproject/actions-runner/.credentials_rsaparams
[2025-04-18 11:55:04Z INFO GitHubActionsService] AAD Correlation ID for this token request: Unknown
[2025-04-18 11:55:05Z INFO MessageListener] Session created.
[2025-04-18 11:55:05Z INFO Terminal] WRITE LINE: Current runner version: '2.323.0'
[2025-04-18 11:55:05Z INFO Terminal] WRITE LINE: 2025-04-18 11:55:05Z: Listening for Jobs
[2025-04-18 11:55:05Z INFO JobDispatcher] Set runner/worker IPC timeout to 30 seconds.
[2025-04-18 11:55:05Z INFO RSAFileKeyManager] Loading RSA key parameters from file /home/aprelix/courseproject/courseproject/actions-runner/.credentials_rsaparams
[2025-04-18 11:55:05Z INFO GitHubActionsService] AAD Correlation ID for this token request: Unknown
[2025-04-18 11:55:33Z INFO MessageListener] Message '3379781886175464909' received from session '83117157-8417-45ff-84ca-6fcc0ab80b3b'.
[2025-04-18 11:55:33Z INFO ConfigurationStore] HasCredentials()
[2025-04-18 11:55:33Z INFO ConfigurationStore] stored True
[2025-04-18 11:55:33Z INFO CredentialManager] GetCredentialProvider
[2025-04-18 11:55:33Z INFO CredentialManager] Creating type OAuth
[2025-04-18 11:55:33Z INFO CredentialManager] Creating credential type: OAuth
[2025-04-18 11:55:33Z INFO RSAFileKeyManager] Loading RSA key parameters from file /home/aprelix/courseproject/courseproject/actions-runner/.credentials_rsaparams
[2025-04-18 11:55:33Z INFO RSAFileKeyManager] Loading RSA key parameters from file /home/aprelix/courseproject/courseproject/actions-runner/.credentials_rsaparams
[2025-04-18 11:55:33Z INFO RSAFileKeyManager] Loading RSA key parameters from file /home/aprelix/courseproject/courseproject/actions-runner/.credentials_rsaparams
[2025-04-18 11:55:34Z INFO GitHubActionsService] AAD Correlation ID for this token request: Unknown
[2025-04-18 11:55:35Z INFO JobDispatcher] Job request 0 for plan ca6f2cda-338b-4839-aa07-b8c8e5093f62 job 64456b34-fd4b-5478-b641-39ca4e640c1b received.
[2025-04-18 11:55:35Z INFO MessageListener] Received job status event. JobState: Busy
[2025-04-18 11:55:35Z INFO MessageListener] _getMessagesTokenSource is already disposed.
[2025-04-18 11:55:35Z INFO Terminal] WRITE LINE: 2025-04-18 11:55:35Z: Running job: build-deploy
[2025-04-18 11:55:35Z INFO JobDispatcher] Start renew job request 0 for job 64456b34-fd4b-5478-b641-39ca4e640c1b.
[2025-04-18 11:55:35Z INFO JobDispatcher] Successfully renew job 64456b34-fd4b-5478-b641-39ca4e640c1b, job is valid till 4/18/2025 12:05:35 PM
[2025-04-18 11:55:35Z INFO HostContext] Well known directory 'Bin': '/home/aprelix/courseproject/courseproject/actions-runner/bin'
[2025-04-18 11:55:35Z INFO ProcessInvokerWrapper] Starting process:
[2025-04-18 11:55:35Z INFO ProcessInvokerWrapper]   File name: '/home/aprelix/courseproject/courseproject/actions-runner/bin/Runner.Worker'
[2025-04-18 11:55:35Z INFO ProcessInvokerWrapper]   Arguments: 'spawnclient 149 152'
[2025-04-18 11:55:35Z INFO ProcessInvokerWrapper]   Working directory: '/home/aprelix/courseproject/courseproject/actions-runner/bin'
[2025-04-18 11:55:35Z INFO ProcessInvokerWrapper]   Require exit code zero: 'False'
[2025-04-18 11:55:35Z INFO ProcessInvokerWrapper]   Encoding web name:  ; code page: ''
[2025-04-18 11:55:35Z INFO ProcessInvokerWrapper]   Force kill process on cancellation: 'True'
[2025-04-18 11:55:35Z INFO ProcessInvokerWrapper]   Redirected STDIN: 'False'
[2025-04-18 11:55:35Z INFO ProcessInvokerWrapper]   Persist current code page: 'False'
[2025-04-18 11:55:35Z INFO ProcessInvokerWrapper]   Keep redirected STDIN open: 'False'
[2025-04-18 11:55:35Z INFO ProcessInvokerWrapper]   High priority process: 'True'
[2025-04-18 11:55:35Z INFO ProcessInvokerWrapper] Process started with process id 6538, waiting for process exit.
[2025-04-18 11:55:35Z INFO JobDispatcher] Send job request message to worker for job 64456b34-fd4b-5478-b641-39ca4e640c1b.
[2025-04-18 11:55:35Z INFO ProcessChannel] Sending message of length 21158, with hash 'd999f0e232f28289fcd986bb79ceb9f0f7d790831971aa19384f2e9db151e2b0'
[2025-04-18 11:55:35Z INFO JobNotification] Entering JobStarted Notification
[2025-04-18 11:55:35Z INFO JobNotification] Entering StartMonitor
[2025-04-18 11:56:30Z INFO ProcessInvokerWrapper] STDOUT/STDERR stream read finished.
[2025-04-18 11:56:30Z INFO ProcessInvokerWrapper] STDOUT/STDERR stream read finished.
[2025-04-18 11:56:30Z INFO ProcessInvokerWrapper] Finished process 6538 with exit code 102, and elapsed time 00:00:55.0469334.
[2025-04-18 11:56:30Z INFO JobDispatcher] Worker finished for job 64456b34-fd4b-5478-b641-39ca4e640c1b. Code: 102
[2025-04-18 11:56:30Z INFO JobDispatcher] finish job request for job 64456b34-fd4b-5478-b641-39ca4e640c1b with result: Failed
[2025-04-18 11:56:30Z INFO Terminal] WRITE LINE: 2025-04-18 11:56:30Z: Job build-deploy completed with result: Failed
[2025-04-18 11:56:30Z INFO JobDispatcher] Stop renew job request for job 64456b34-fd4b-5478-b641-39ca4e640c1b.
[2025-04-18 11:56:30Z INFO JobDispatcher] job renew has been cancelled, stop renew job 64456b34-fd4b-5478-b641-39ca4e640c1b.
[2025-04-18 11:56:30Z INFO JobNotification] Entering JobCompleted Notification
[2025-04-18 11:56:30Z INFO JobNotification] Entering EndMonitor
[2025-04-18 11:56:30Z INFO MessageListener] Received job status event. JobState: Online
[2025-04-18 11:58:28Z INFO MessageListener] Message '1012059388020590349' received from session '83117157-8417-45ff-84ca-6fcc0ab80b3b'.
[2025-04-18 11:58:28Z INFO ConfigurationStore] HasCredentials()
[2025-04-18 11:58:28Z INFO ConfigurationStore] stored True
[2025-04-18 11:58:28Z INFO CredentialManager] GetCredentialProvider
[2025-04-18 11:58:28Z INFO CredentialManager] Creating type OAuth
[2025-04-18 11:58:28Z INFO CredentialManager] Creating credential type: OAuth
[2025-04-18 11:58:28Z INFO RSAFileKeyManager] Loading RSA key parameters from file /home/aprelix/courseproject/courseproject/actions-runner/.credentials_rsaparams
[2025-04-18 11:58:28Z INFO RSAFileKeyManager] Loading RSA key parameters from file /home/aprelix/courseproject/courseproject/actions-runner/.credentials_rsaparams
[2025-04-18 11:58:28Z INFO RSAFileKeyManager] Loading RSA key parameters from file /home/aprelix/courseproject/courseproject/actions-runner/.credentials_rsaparams
[2025-04-18 11:58:29Z INFO GitHubActionsService] AAD Correlation ID for this token request: Unknown
[2025-04-18 11:58:30Z INFO JobDispatcher] Job request 0 for plan 2df47372-3eb5-4c7a-9c3d-a5cf40e293ea job 6e30ee98-957f-54e7-820c-6eeb5d332908 received.
[2025-04-18 11:58:30Z INFO MessageListener] Received job status event. JobState: Busy
[2025-04-18 11:58:30Z INFO MessageListener] _getMessagesTokenSource is already disposed.
[2025-04-18 11:58:30Z INFO JobDispatcher] Job request 64456b34-fd4b-5478-b641-39ca4e640c1b processed succeed.
[2025-04-18 11:58:30Z INFO Terminal] WRITE LINE: 2025-04-18 11:58:30Z: Running job: build-deploy
[2025-04-18 11:58:30Z INFO JobDispatcher] Start renew job request 0 for job 6e30ee98-957f-54e7-820c-6eeb5d332908.
[2025-04-18 11:58:30Z INFO JobDispatcher] Successfully renew job 6e30ee98-957f-54e7-820c-6eeb5d332908, job is valid till 4/18/2025 12:08:30 PM
[2025-04-18 11:58:30Z INFO HostContext] Well known directory 'Bin': '/home/aprelix/courseproject/courseproject/actions-runner/bin'
[2025-04-18 11:58:30Z INFO ProcessInvokerWrapper] Starting process:
[2025-04-18 11:58:30Z INFO ProcessInvokerWrapper]   File name: '/home/aprelix/courseproject/courseproject/actions-runner/bin/Runner.Worker'
[2025-04-18 11:58:30Z INFO ProcessInvokerWrapper]   Arguments: 'spawnclient 143 151'
[2025-04-18 11:58:30Z INFO ProcessInvokerWrapper]   Working directory: '/home/aprelix/courseproject/courseproject/actions-runner/bin'
[2025-04-18 11:58:30Z INFO ProcessInvokerWrapper]   Require exit code zero: 'False'
[2025-04-18 11:58:30Z INFO ProcessInvokerWrapper]   Encoding web name:  ; code page: ''
[2025-04-18 11:58:30Z INFO ProcessInvokerWrapper]   Force kill process on cancellation: 'True'
[2025-04-18 11:58:30Z INFO ProcessInvokerWrapper]   Redirected STDIN: 'False'
[2025-04-18 11:58:30Z INFO ProcessInvokerWrapper]   Persist current code page: 'False'
[2025-04-18 11:58:30Z INFO ProcessInvokerWrapper]   Keep redirected STDIN open: 'False'
[2025-04-18 11:58:30Z INFO ProcessInvokerWrapper]   High priority process: 'True'
[2025-04-18 11:58:30Z INFO ProcessInvokerWrapper] Process started with process id 6985, waiting for process exit.
[2025-04-18 11:58:30Z INFO JobDispatcher] Send job request message to worker for job 6e30ee98-957f-54e7-820c-6eeb5d332908.
[2025-04-18 11:58:30Z INFO ProcessChannel] Sending message of length 20831, with hash '1b1a5808a06f7456581296585c4817d702e985b05f853e52860f7ea7494d1790'
[2025-04-18 11:58:30Z INFO JobNotification] Entering JobStarted Notification
[2025-04-18 11:58:30Z INFO JobNotification] Entering StartMonitor
[2025-04-18 11:59:26Z INFO ProcessInvokerWrapper] STDOUT/STDERR stream read finished.
[2025-04-18 11:59:26Z INFO ProcessInvokerWrapper] STDOUT/STDERR stream read finished.
[2025-04-18 11:59:26Z INFO ProcessInvokerWrapper] Finished process 6985 with exit code 102, and elapsed time 00:00:56.0278141.
[2025-04-18 11:59:26Z INFO JobDispatcher] Worker finished for job 6e30ee98-957f-54e7-820c-6eeb5d332908. Code: 102
[2025-04-18 11:59:26Z INFO JobDispatcher] finish job request for job 6e30ee98-957f-54e7-820c-6eeb5d332908 with result: Failed
[2025-04-18 11:59:26Z INFO Terminal] WRITE LINE: 2025-04-18 11:59:26Z: Job build-deploy completed with result: Failed
[2025-04-18 11:59:26Z INFO JobDispatcher] Stop renew job request for job 6e30ee98-957f-54e7-820c-6eeb5d332908.
[2025-04-18 11:59:26Z INFO JobDispatcher] job renew has been cancelled, stop renew job 6e30ee98-957f-54e7-820c-6eeb5d332908.
[2025-04-18 11:59:26Z INFO JobNotification] Entering JobCompleted Notification
[2025-04-18 11:59:26Z INFO JobNotification] Entering EndMonitor
[2025-04-18 11:59:26Z INFO MessageListener] Received job status event. JobState: Online
[2025-04-18 12:00:34Z INFO Terminal] WRITE LINE: Exiting...
[2025-04-18 12:00:34Z INFO ConfigurationStore] IsServiceConfigured()
[2025-04-18 12:00:34Z INFO ConfigurationStore] IsServiceConfigured: False
[2025-04-18 12:00:34Z INFO HostContext] Runner will be shutdown for UserCancelled
[2025-04-18 12:00:34Z WARN GitHubActionsService] GET request to https://broker.actions.githubusercontent.com/message?sessionId=83117157-8417-45ff-84ca-6fcc0ab80b3b&status=Online&runnerVersion=2.323.0&os=Linux&architecture=ARM64&disableUpdate=false has been cancelled.
[2025-04-18 12:00:34Z ERR  BrokerServer] Catch exception during request
[2025-04-18 12:00:34Z ERR  BrokerServer] System.Threading.Tasks.TaskCanceledException: The operation was canceled.
 ---> System.Threading.Tasks.TaskCanceledException: The operation was canceled.
 ---> System.IO.IOException: The read operation failed, see inner exception.
 ---> System.ObjectDisposedException: Cannot access a disposed object.
Object name: 'System.Net.Sockets.NetworkStream'.
   at System.Net.Sockets.NetworkStream.ReadAsync(Memory`1 buffer, CancellationToken cancellationToken)
   at System.Net.Security.SslStream.EnsureFullTlsFrameAsync[TIOAdapter](CancellationToken cancellationToken, Int32 estimatedSize)
   at System.Runtime.CompilerServices.PoolingAsyncValueTaskMethodBuilder`1.StateMachineBox`1.System.Threading.Tasks.Sources.IValueTaskSource<TResult>.GetResult(Int16 token)
   at System.Net.Security.SslStream.ReadAsyncInternal[TIOAdapter](Memory`1 buffer, CancellationToken cancellationToken)
   --- End of inner exception stack trace ---
   at System.Net.Security.SslStream.ReadAsyncInternal[TIOAdapter](Memory`1 buffer, CancellationToken cancellationToken)
   at System.Runtime.CompilerServices.PoolingAsyncValueTaskMethodBuilder`1.StateMachineBox`1.System.Threading.Tasks.Sources.IValueTaskSource<TResult>.GetResult(Int16 token)
   at System.Net.Http.HttpConnection.SendAsync(HttpRequestMessage request, Boolean async, CancellationToken cancellationToken)
   --- End of inner exception stack trace ---
   at System.Net.Http.HttpConnection.SendAsync(HttpRequestMessage request, Boolean async, CancellationToken cancellationToken)
   at System.Net.Http.AuthenticationHelper.SendWithNtAuthAsync(HttpRequestMessage request, Uri authUri, Boolean async, ICredentials credentials, Boolean isProxyAuth, HttpConnection connection, HttpConnectionPool connectionPool, CancellationToken cancellationToken)
   at System.Net.Http.HttpConnectionPool.SendWithVersionDetectionAndRetryAsync(HttpRequestMessage request, Boolean async, Boolean doRequestAuth, CancellationToken cancellationToken)
   at System.Net.Http.AuthenticationHelper.SendWithAuthAsync(HttpRequestMessage request, Uri authUri, Boolean async, ICredentials credentials, Boolean preAuthenticate, Boolean isProxyAuth, Boolean doRequestAuth, HttpConnectionPool pool, CancellationToken cancellationToken)
   at System.Net.Http.RedirectHandler.SendAsync(HttpRequestMessage request, Boolean async, CancellationToken cancellationToken)
   at GitHub.Services.Common.RawHttpMessageHandler.SendAsync(HttpRequestMessage request, CancellationToken cancellationToken)
   at GitHub.Services.Common.VssHttpRetryMessageHandler.SendAsync(HttpRequestMessage request, CancellationToken cancellationToken)
   at System.Net.Http.HttpClient.<SendAsync>g__Core|83_0(HttpRequestMessage request, HttpCompletionOption completionOption, CancellationTokenSource cts, Boolean disposeCts, CancellationTokenSource pendingRequestsCts, CancellationToken originalCancellationToken)
   --- End of inner exception stack trace ---
   at System.Net.Http.HttpClient.HandleFailure(Exception e, Boolean telemetryStarted, HttpResponseMessage response, CancellationTokenSource cts, CancellationToken cancellationToken, CancellationTokenSource pendingRequestsCts)
   at System.Net.Http.HttpClient.<SendAsync>g__Core|83_0(HttpRequestMessage request, HttpCompletionOption completionOption, CancellationTokenSource cts, Boolean disposeCts, CancellationTokenSource pendingRequestsCts, CancellationToken originalCancellationToken)
   at Sdk.WebApi.WebApi.RawHttpClientBase.SendAsync(HttpRequestMessage message, HttpCompletionOption completionOption, Object userState, CancellationToken cancellationToken)
   at Sdk.WebApi.WebApi.RawHttpClientBase.SendAsync[T](HttpRequestMessage message, Boolean readErrorBody, Object userState, CancellationToken cancellationToken)
   at Sdk.WebApi.WebApi.RawHttpClientBase.SendAsync[T](HttpMethod method, IEnumerable`1 additionalHeaders, Uri requestUri, HttpContent content, IEnumerable`1 queryParameters, Boolean readErrorBody, Object userState, CancellationToken cancellationToken)
   at GitHub.Actions.RunService.WebApi.BrokerHttpClient.GetRunnerMessageAsync(Nullable`1 sessionId, String runnerVersion, Nullable`1 status, String os, String architecture, Nullable`1 disableUpdate, CancellationToken cancellationToken)
   at GitHub.Runner.Common.BrokerServer.<>c__DisplayClass7_0.<<GetRunnerMessageAsync>b__0>d.MoveNext()
--- End of stack trace from previous location ---
   at GitHub.Runner.Common.RunnerService.RetryRequest[T](Func`1 func, CancellationToken cancellationToken, Int32 maxRetryAttemptsCount, Func`2 shouldRetry)
[2025-04-18 12:00:34Z ERR  BrokerServer] #####################################################
[2025-04-18 12:00:35Z ERR  BrokerServer] System.Threading.Tasks.TaskCanceledException: The operation was canceled.
 ---> System.IO.IOException: The read operation failed, see inner exception.
 ---> System.ObjectDisposedException: Cannot access a disposed object.
Object name: 'System.Net.Sockets.NetworkStream'.
   at System.Net.Sockets.NetworkStream.ReadAsync(Memory`1 buffer, CancellationToken cancellationToken)
   at System.Net.Security.SslStream.EnsureFullTlsFrameAsync[TIOAdapter](CancellationToken cancellationToken, Int32 estimatedSize)
   at System.Runtime.CompilerServices.PoolingAsyncValueTaskMethodBuilder`1.StateMachineBox`1.System.Threading.Tasks.Sources.IValueTaskSource<TResult>.GetResult(Int16 token)
   at System.Net.Security.SslStream.ReadAsyncInternal[TIOAdapter](Memory`1 buffer, CancellationToken cancellationToken)
   --- End of inner exception stack trace ---
   at System.Net.Security.SslStream.ReadAsyncInternal[TIOAdapter](Memory`1 buffer, CancellationToken cancellationToken)
   at System.Runtime.CompilerServices.PoolingAsyncValueTaskMethodBuilder`1.StateMachineBox`1.System.Threading.Tasks.Sources.IValueTaskSource<TResult>.GetResult(Int16 token)
   at System.Net.Http.HttpConnection.SendAsync(HttpRequestMessage request, Boolean async, CancellationToken cancellationToken)
   --- End of inner exception stack trace ---
   at System.Net.Http.HttpConnection.SendAsync(HttpRequestMessage request, Boolean async, CancellationToken cancellationToken)
   at System.Net.Http.AuthenticationHelper.SendWithNtAuthAsync(HttpRequestMessage request, Uri authUri, Boolean async, ICredentials credentials, Boolean isProxyAuth, HttpConnection connection, HttpConnectionPool connectionPool, CancellationToken cancellationToken)
   at System.Net.Http.HttpConnectionPool.SendWithVersionDetectionAndRetryAsync(HttpRequestMessage request, Boolean async, Boolean doRequestAuth, CancellationToken cancellationToken)
   at System.Net.Http.AuthenticationHelper.SendWithAuthAsync(HttpRequestMessage request, Uri authUri, Boolean async, ICredentials credentials, Boolean preAuthenticate, Boolean isProxyAuth, Boolean doRequestAuth, HttpConnectionPool pool, CancellationToken cancellationToken)
   at System.Net.Http.RedirectHandler.SendAsync(HttpRequestMessage request, Boolean async, CancellationToken cancellationToken)
   at GitHub.Services.Common.RawHttpMessageHandler.SendAsync(HttpRequestMessage request, CancellationToken cancellationToken)
   at GitHub.Services.Common.VssHttpRetryMessageHandler.SendAsync(HttpRequestMessage request, CancellationToken cancellationToken)
   at System.Net.Http.HttpClient.<SendAsync>g__Core|83_0(HttpRequestMessage request, HttpCompletionOption completionOption, CancellationTokenSource cts, Boolean disposeCts, CancellationTokenSource pendingRequestsCts, CancellationToken originalCancellationToken)
[2025-04-18 12:00:35Z ERR  BrokerServer] #####################################################
[2025-04-18 12:00:35Z ERR  BrokerServer] System.IO.IOException: The read operation failed, see inner exception.
 ---> System.ObjectDisposedException: Cannot access a disposed object.
Object name: 'System.Net.Sockets.NetworkStream'.
   at System.Net.Sockets.NetworkStream.ReadAsync(Memory`1 buffer, CancellationToken cancellationToken)
   at System.Net.Security.SslStream.EnsureFullTlsFrameAsync[TIOAdapter](CancellationToken cancellationToken, Int32 estimatedSize)
   at System.Runtime.CompilerServices.PoolingAsyncValueTaskMethodBuilder`1.StateMachineBox`1.System.Threading.Tasks.Sources.IValueTaskSource<TResult>.GetResult(Int16 token)
   at System.Net.Security.SslStream.ReadAsyncInternal[TIOAdapter](Memory`1 buffer, CancellationToken cancellationToken)
   --- End of inner exception stack trace ---
   at System.Net.Security.SslStream.ReadAsyncInternal[TIOAdapter](Memory`1 buffer, CancellationToken cancellationToken)
   at System.Runtime.CompilerServices.PoolingAsyncValueTaskMethodBuilder`1.StateMachineBox`1.System.Threading.Tasks.Sources.IValueTaskSource<TResult>.GetResult(Int16 token)
   at System.Net.Http.HttpConnection.SendAsync(HttpRequestMessage request, Boolean async, CancellationToken cancellationToken)
[2025-04-18 12:00:35Z ERR  BrokerServer] #####################################################
[2025-04-18 12:00:35Z ERR  BrokerServer] System.ObjectDisposedException: Cannot access a disposed object.
Object name: 'System.Net.Sockets.NetworkStream'.
   at System.Net.Sockets.NetworkStream.ReadAsync(Memory`1 buffer, CancellationToken cancellationToken)
   at System.Net.Security.SslStream.EnsureFullTlsFrameAsync[TIOAdapter](CancellationToken cancellationToken, Int32 estimatedSize)
   at System.Runtime.CompilerServices.PoolingAsyncValueTaskMethodBuilder`1.StateMachineBox`1.System.Threading.Tasks.Sources.IValueTaskSource<TResult>.GetResult(Int16 token)
   at System.Net.Security.SslStream.ReadAsyncInternal[TIOAdapter](Memory`1 buffer, CancellationToken cancellationToken)
[2025-04-18 12:00:35Z WARN BrokerServer] Back off 14.311 seconds before next retry. 4 attempt left.
[2025-04-18 12:00:35Z INFO MessageListener] Get next message has been cancelled.
[2025-04-18 12:00:35Z INFO JobDispatcher] Shutting down JobDispatcher. Make sure all WorkerDispatcher has finished.
[2025-04-18 12:00:35Z INFO JobDispatcher] Ensure WorkerDispatcher for job 6e30ee98-957f-54e7-820c-6eeb5d332908 run to finish, cancel any running job.
[2025-04-18 12:00:35Z INFO JobDispatcher] Job request 6e30ee98-957f-54e7-820c-6eeb5d332908 processed succeed.
[2025-04-18 12:00:35Z INFO Runner] Deleting Runner Session...
[2025-04-18 12:00:35Z INFO Listener] Runner execution been cancelled.
