[2025-04-18 12:03:26Z INFO HostContext] No proxy settings were found based on environmental variables (http_proxy/https_proxy/HTTP_PROXY/HTTPS_PROXY)
[2025-04-18 12:03:26Z INFO HostContext] Well known directory 'Bin': '/home/aprelix/courseproject/courseproject/actions-runner/bin'
[2025-04-18 12:03:26Z INFO HostContext] Well known directory 'Root': '/home/aprelix/courseproject/courseproject/actions-runner'
[2025-04-18 12:03:26Z INFO HostContext] Well known config file 'Credentials': '/home/aprelix/courseproject/courseproject/actions-runner/.credentials'
[2025-04-18 12:03:26Z INFO HostContext] Well known directory 'Bin': '/home/aprelix/courseproject/courseproject/actions-runner/bin'
[2025-04-18 12:03:26Z INFO HostContext] Well known directory 'Root': '/home/aprelix/courseproject/courseproject/actions-runner'
[2025-04-18 12:03:26Z INFO HostContext] Well known config file 'Runner': '/home/aprelix/courseproject/courseproject/actions-runner/.runner'
[2025-04-18 12:03:26Z INFO Listener] Runner is built for Linux (Arm64) - linux-arm64.
[2025-04-18 12:03:26Z INFO Listener] RuntimeInformation: Ubuntu 24.10.
[2025-04-18 12:03:26Z INFO Listener] Version: 2.323.0
[2025-04-18 12:03:26Z INFO Listener] Commit: d8b82f44a9ec0258904d5869ae683c31d5aac299
[2025-04-18 12:03:26Z INFO Listener] Culture: en-US
[2025-04-18 12:03:26Z INFO Listener] UI Culture: en-US
[2025-04-18 12:03:26Z INFO HostContext] Well known directory 'Bin': '/home/aprelix/courseproject/courseproject/actions-runner/bin'
[2025-04-18 12:03:26Z INFO HostContext] Well known directory 'Root': '/home/aprelix/courseproject/courseproject/actions-runner'
[2025-04-18 12:03:26Z INFO Listener] Validating directory permissions for: '/home/aprelix/courseproject/courseproject/actions-runner'
[2025-04-18 12:03:26Z INFO CommandLineParser] Parse
[2025-04-18 12:03:26Z INFO CommandLineParser] Parsing 1 args
[2025-04-18 12:03:26Z INFO CommandLineParser] parsing argument
[2025-04-18 12:03:26Z INFO CommandLineParser] HasArgs: False
[2025-04-18 12:03:26Z INFO CommandLineParser] Adding Command: run
[2025-04-18 12:03:26Z INFO Listener] Arguments parsed
[2025-04-18 12:03:26Z INFO Runner] ExecuteCommand
[2025-04-18 12:03:26Z INFO ConfigurationStore] currentAssemblyLocation: /home/aprelix/courseproject/courseproject/actions-runner/bin/Runner.Listener.dll
[2025-04-18 12:03:26Z INFO HostContext] Well known directory 'Bin': '/home/aprelix/courseproject/courseproject/actions-runner/bin'
[2025-04-18 12:03:26Z INFO ConfigurationStore] binPath: /home/aprelix/courseproject/courseproject/actions-runner/bin
[2025-04-18 12:03:26Z INFO HostContext] Well known directory 'Bin': '/home/aprelix/courseproject/courseproject/actions-runner/bin'
[2025-04-18 12:03:26Z INFO HostContext] Well known directory 'Root': '/home/aprelix/courseproject/courseproject/actions-runner'
[2025-04-18 12:03:26Z INFO ConfigurationStore] RootFolder: /home/aprelix/courseproject/courseproject/actions-runner
[2025-04-18 12:03:26Z INFO HostContext] Well known directory 'Bin': '/home/aprelix/courseproject/courseproject/actions-runner/bin'
[2025-04-18 12:03:26Z INFO HostContext] Well known directory 'Root': '/home/aprelix/courseproject/courseproject/actions-runner'
[2025-04-18 12:03:26Z INFO HostContext] Well known config file 'Runner': '/home/aprelix/courseproject/courseproject/actions-runner/.runner'
[2025-04-18 12:03:26Z INFO ConfigurationStore] ConfigFilePath: /home/aprelix/courseproject/courseproject/actions-runner/.runner
[2025-04-18 12:03:26Z INFO HostContext] Well known directory 'Bin': '/home/aprelix/courseproject/courseproject/actions-runner/bin'
[2025-04-18 12:03:26Z INFO HostContext] Well known directory 'Root': '/home/aprelix/courseproject/courseproject/actions-runner'
[2025-04-18 12:03:26Z INFO HostContext] Well known config file 'MigratedRunner': '/home/aprelix/courseproject/courseproject/actions-runner/.runner_migrated'
[2025-04-18 12:03:26Z INFO ConfigurationStore] MigratedConfigFilePath: /home/aprelix/courseproject/courseproject/actions-runner/.runner_migrated
[2025-04-18 12:03:26Z INFO HostContext] Well known directory 'Bin': '/home/aprelix/courseproject/courseproject/actions-runner/bin'
[2025-04-18 12:03:26Z INFO HostContext] Well known directory 'Root': '/home/aprelix/courseproject/courseproject/actions-runner'
[2025-04-18 12:03:26Z INFO HostContext] Well known config file 'Credentials': '/home/aprelix/courseproject/courseproject/actions-runner/.credentials'
[2025-04-18 12:03:26Z INFO ConfigurationStore] CredFilePath: /home/aprelix/courseproject/courseproject/actions-runner/.credentials
[2025-04-18 12:03:26Z INFO HostContext] Well known directory 'Bin': '/home/aprelix/courseproject/courseproject/actions-runner/bin'
[2025-04-18 12:03:26Z INFO HostContext] Well known directory 'Root': '/home/aprelix/courseproject/courseproject/actions-runner'
[2025-04-18 12:03:26Z INFO HostContext] Well known config file 'MigratedCredentials': '/home/aprelix/courseproject/courseproject/actions-runner/.credentials_migrated'
[2025-04-18 12:03:26Z INFO ConfigurationStore] MigratedCredFilePath: /home/aprelix/courseproject/courseproject/actions-runner/.credentials_migrated
[2025-04-18 12:03:26Z INFO HostContext] Well known directory 'Bin': '/home/aprelix/courseproject/courseproject/actions-runner/bin'
[2025-04-18 12:03:26Z INFO HostContext] Well known directory 'Root': '/home/aprelix/courseproject/courseproject/actions-runner'
[2025-04-18 12:03:26Z INFO HostContext] Well known config file 'Service': '/home/aprelix/courseproject/courseproject/actions-runner/.service'
[2025-04-18 12:03:26Z INFO ConfigurationStore] ServiceConfigFilePath: /home/aprelix/courseproject/courseproject/actions-runner/.service
[2025-04-18 12:03:26Z INFO CommandSettings] Flag 'help': 'False'
[2025-04-18 12:03:26Z INFO CommandSettings] Flag 'version': 'False'
[2025-04-18 12:03:26Z INFO CommandSettings] Flag 'commit': 'False'
[2025-04-18 12:03:26Z INFO CommandSettings] Flag 'check': 'False'
[2025-04-18 12:03:26Z INFO CommandSettings] Command 'configure': 'False'
[2025-04-18 12:03:26Z INFO CommandSettings] Command 'remove': 'False'
[2025-04-18 12:03:26Z INFO CommandSettings] Command 'warmup': 'False'
[2025-04-18 12:03:26Z INFO ConfigurationManager] LoadSettings
[2025-04-18 12:03:26Z INFO ConfigurationStore] IsConfigured()
[2025-04-18 12:03:26Z INFO ConfigurationStore] IsConfigured: True
[2025-04-18 12:03:26Z INFO ConfigurationManager] Is configured: True
[2025-04-18 12:03:26Z INFO ConfigurationStore] Read setting file: 301 chars
[2025-04-18 12:03:26Z INFO ConfigurationManager] Settings Loaded
[2025-04-18 12:03:26Z INFO ConfigurationStore] IsServiceConfigured()
[2025-04-18 12:03:26Z INFO ConfigurationStore] IsServiceConfigured: False
[2025-04-18 12:03:26Z INFO CommandSettings] Command 'run': 'True'
[2025-04-18 12:03:26Z INFO ConfigurationStore] IsConfigured()
[2025-04-18 12:03:26Z INFO ConfigurationStore] IsConfigured: True
[2025-04-18 12:03:26Z INFO ConfigurationManager] Is configured: True
[2025-04-18 12:03:26Z INFO Runner] Could not parse the argument value '' for StartupType. Defaulting to Manual
[2025-04-18 12:03:26Z INFO Runner] Set runner startup type - Manual
[2025-04-18 12:03:26Z INFO CommandSettings] Flag 'once': 'False'
[2025-04-18 12:03:26Z INFO CommandSettings] Flag 'once': 'False'
[2025-04-18 12:03:26Z INFO Runner] RunAsync
[2025-04-18 12:03:26Z INFO ConfigurationManager] LoadSettings
[2025-04-18 12:03:26Z INFO ConfigurationStore] IsConfigured()
[2025-04-18 12:03:26Z INFO ConfigurationStore] IsConfigured: True
[2025-04-18 12:03:26Z INFO ConfigurationManager] Is configured: True
[2025-04-18 12:03:26Z INFO ConfigurationManager] Settings Loaded
[2025-04-18 12:03:26Z INFO MessageListener] {
  "AgentId": 22,
  "AgentName": "grisha",
  "PoolId": 1,
  "PoolName": "Default",
  "ServerUrl": "https://pipelinesghubeus5.actions.githubusercontent.com/0wQjaOheEfxSLcxUXTTDf7v2W8Oi9QWFpSBZRbURgOKlg08FeQ/",
  "GitHubUrl": "https://github.com/grisha-topolev/courseproject",
  "WorkFolder": "_work"
}
[2025-04-18 12:03:26Z INFO MessageListener] Loading Credentials
[2025-04-18 12:03:26Z INFO ConfigurationStore] HasCredentials()
[2025-04-18 12:03:26Z INFO ConfigurationStore] stored True
[2025-04-18 12:03:26Z INFO CredentialManager] GetCredentialProvider
[2025-04-18 12:03:26Z INFO CredentialManager] Creating type OAuth
[2025-04-18 12:03:26Z INFO CredentialManager] Creating credential type: OAuth
[2025-04-18 12:03:26Z INFO HostContext] Well known directory 'Bin': '/home/aprelix/courseproject/courseproject/actions-runner/bin'
[2025-04-18 12:03:26Z INFO HostContext] Well known directory 'Root': '/home/aprelix/courseproject/courseproject/actions-runner'
[2025-04-18 12:03:26Z INFO HostContext] Well known config file 'RSACredentials': '/home/aprelix/courseproject/courseproject/actions-runner/.credentials_rsaparams'
[2025-04-18 12:03:26Z INFO RSAFileKeyManager] Loading RSA key parameters from file /home/aprelix/courseproject/courseproject/actions-runner/.credentials_rsaparams
[2025-04-18 12:03:27Z INFO MessageListener] Attempt to create session.
[2025-04-18 12:03:27Z INFO MessageListener] Connecting to the Runner Server...
[2025-04-18 12:03:27Z INFO RunnerServer] EstablishVssConnection
[2025-04-18 12:03:27Z INFO RunnerServer] Establish connection with 100 seconds timeout.
[2025-04-18 12:03:27Z INFO GitHubActionsService] Starting operation Location.GetConnectionData
[2025-04-18 12:03:27Z INFO RunnerServer] EstablishVssConnection
[2025-04-18 12:03:27Z INFO RunnerServer] Establish connection with 60 seconds timeout.
[2025-04-18 12:03:27Z INFO GitHubActionsService] Starting operation Location.GetConnectionData
[2025-04-18 12:03:27Z INFO RunnerServer] EstablishVssConnection
[2025-04-18 12:03:27Z INFO RunnerServer] Establish connection with 60 seconds timeout.
[2025-04-18 12:03:27Z INFO GitHubActionsService] Starting operation Location.GetConnectionData
[2025-04-18 12:03:27Z INFO GitHubActionsService] Finished operation Location.GetConnectionData
[2025-04-18 12:03:27Z INFO GitHubActionsService] Finished operation Location.GetConnectionData
[2025-04-18 12:03:27Z INFO GitHubActionsService] Finished operation Location.GetConnectionData
[2025-04-18 12:03:28Z INFO MessageListener] VssConnection created
[2025-04-18 12:03:28Z INFO Terminal] WRITE LINE: 
[2025-04-18 12:03:28Z INFO Terminal] WRITE LINE: 
[2025-04-18 12:03:28Z INFO RSAFileKeyManager] Loading RSA key parameters from file /home/aprelix/courseproject/courseproject/actions-runner/.credentials_rsaparams
[2025-04-18 12:03:28Z INFO RSAFileKeyManager] Loading RSA key parameters from file /home/aprelix/courseproject/courseproject/actions-runner/.credentials_rsaparams
[2025-04-18 12:03:28Z INFO GitHubActionsService] AAD Correlation ID for this token request: Unknown
[2025-04-18 12:03:28Z INFO MessageListener] Session created.
[2025-04-18 12:03:28Z INFO Terminal] WRITE LINE: Current runner version: '2.323.0'
[2025-04-18 12:03:28Z INFO Terminal] WRITE LINE: 2025-04-18 12:03:28Z: Listening for Jobs
[2025-04-18 12:03:28Z INFO JobDispatcher] Set runner/worker IPC timeout to 30 seconds.
[2025-04-18 12:03:29Z INFO RSAFileKeyManager] Loading RSA key parameters from file /home/aprelix/courseproject/courseproject/actions-runner/.credentials_rsaparams
[2025-04-18 12:03:29Z INFO GitHubActionsService] AAD Correlation ID for this token request: Unknown
[2025-04-18 12:04:17Z INFO MessageListener] Message '544218237057033073' received from session '81f4d8b0-54ba-4c89-a176-d6fe0160d5be'.
[2025-04-18 12:04:17Z INFO ConfigurationStore] HasCredentials()
[2025-04-18 12:04:17Z INFO ConfigurationStore] stored True
[2025-04-18 12:04:17Z INFO CredentialManager] GetCredentialProvider
[2025-04-18 12:04:17Z INFO CredentialManager] Creating type OAuth
[2025-04-18 12:04:17Z INFO CredentialManager] Creating credential type: OAuth
[2025-04-18 12:04:17Z INFO RSAFileKeyManager] Loading RSA key parameters from file /home/aprelix/courseproject/courseproject/actions-runner/.credentials_rsaparams
[2025-04-18 12:04:17Z INFO RSAFileKeyManager] Loading RSA key parameters from file /home/aprelix/courseproject/courseproject/actions-runner/.credentials_rsaparams
[2025-04-18 12:04:17Z INFO RSAFileKeyManager] Loading RSA key parameters from file /home/aprelix/courseproject/courseproject/actions-runner/.credentials_rsaparams
[2025-04-18 12:04:18Z INFO GitHubActionsService] AAD Correlation ID for this token request: Unknown
[2025-04-18 12:04:19Z INFO JobDispatcher] Job request 0 for plan 39137c72-1d49-44c4-98f4-63971eadfe53 job d72ce1fa-ed96-574c-9162-c941a3425592 received.
[2025-04-18 12:04:19Z INFO MessageListener] Received job status event. JobState: Busy
[2025-04-18 12:04:19Z INFO MessageListener] _getMessagesTokenSource is already disposed.
[2025-04-18 12:04:19Z INFO Terminal] WRITE LINE: 2025-04-18 12:04:19Z: Running job: build-deploy
[2025-04-18 12:04:19Z INFO JobDispatcher] Start renew job request 0 for job d72ce1fa-ed96-574c-9162-c941a3425592.
[2025-04-18 12:04:20Z INFO JobDispatcher] Successfully renew job d72ce1fa-ed96-574c-9162-c941a3425592, job is valid till 4/18/2025 12:14:19 PM
[2025-04-18 12:04:20Z INFO HostContext] Well known directory 'Bin': '/home/aprelix/courseproject/courseproject/actions-runner/bin'
[2025-04-18 12:04:20Z INFO ProcessInvokerWrapper] Starting process:
[2025-04-18 12:04:20Z INFO ProcessInvokerWrapper]   File name: '/home/aprelix/courseproject/courseproject/actions-runner/bin/Runner.Worker'
[2025-04-18 12:04:20Z INFO ProcessInvokerWrapper]   Arguments: 'spawnclient 149 152'
[2025-04-18 12:04:20Z INFO ProcessInvokerWrapper]   Working directory: '/home/aprelix/courseproject/courseproject/actions-runner/bin'
[2025-04-18 12:04:20Z INFO ProcessInvokerWrapper]   Require exit code zero: 'False'
[2025-04-18 12:04:20Z INFO ProcessInvokerWrapper]   Encoding web name:  ; code page: ''
[2025-04-18 12:04:20Z INFO ProcessInvokerWrapper]   Force kill process on cancellation: 'True'
[2025-04-18 12:04:20Z INFO ProcessInvokerWrapper]   Redirected STDIN: 'False'
[2025-04-18 12:04:20Z INFO ProcessInvokerWrapper]   Persist current code page: 'False'
[2025-04-18 12:04:20Z INFO ProcessInvokerWrapper]   Keep redirected STDIN open: 'False'
[2025-04-18 12:04:20Z INFO ProcessInvokerWrapper]   High priority process: 'True'
[2025-04-18 12:04:20Z INFO ProcessInvokerWrapper] Process started with process id 7607, waiting for process exit.
[2025-04-18 12:04:20Z INFO JobDispatcher] Send job request message to worker for job d72ce1fa-ed96-574c-9162-c941a3425592.
[2025-04-18 12:04:20Z INFO ProcessChannel] Sending message of length 20869, with hash '0020a103edbb3fe11adf7330c662426c776b85b4cb11b3de84f3dac370f06daa'
[2025-04-18 12:04:20Z INFO JobNotification] Entering JobStarted Notification
[2025-04-18 12:04:20Z INFO JobNotification] Entering StartMonitor
[2025-04-18 12:05:20Z INFO JobDispatcher] Successfully renew job d72ce1fa-ed96-574c-9162-c941a3425592, job is valid till 4/18/2025 12:15:20 PM
[2025-04-18 12:05:32Z INFO ProcessInvokerWrapper] STDOUT/STDERR stream read finished.
[2025-04-18 12:05:32Z INFO ProcessInvokerWrapper] STDOUT/STDERR stream read finished.
[2025-04-18 12:05:32Z INFO ProcessInvokerWrapper] Finished process 7607 with exit code 100, and elapsed time 00:01:12.4098236.
[2025-04-18 12:05:32Z INFO JobDispatcher] Worker finished for job d72ce1fa-ed96-574c-9162-c941a3425592. Code: 100
[2025-04-18 12:05:32Z INFO JobDispatcher] finish job request for job d72ce1fa-ed96-574c-9162-c941a3425592 with result: Succeeded
[2025-04-18 12:05:32Z INFO Terminal] WRITE LINE: 2025-04-18 12:05:32Z: Job build-deploy completed with result: Succeeded
[2025-04-18 12:05:32Z INFO JobDispatcher] Stop renew job request for job d72ce1fa-ed96-574c-9162-c941a3425592.
[2025-04-18 12:05:32Z INFO JobDispatcher] job renew has been cancelled, stop renew job d72ce1fa-ed96-574c-9162-c941a3425592.
[2025-04-18 12:05:32Z INFO JobNotification] Entering JobCompleted Notification
[2025-04-18 12:05:32Z INFO JobNotification] Entering EndMonitor
[2025-04-18 12:05:32Z INFO MessageListener] Received job status event. JobState: Online
[2025-04-18 12:07:38Z INFO Terminal] WRITE LINE: Exiting...
[2025-04-18 12:07:38Z INFO ConfigurationStore] IsServiceConfigured()
[2025-04-18 12:07:38Z INFO ConfigurationStore] IsServiceConfigured: False
[2025-04-18 12:07:38Z INFO HostContext] Runner will be shutdown for UserCancelled
[2025-04-18 12:07:38Z WARN GitHubActionsService] GET request to https://broker.actions.githubusercontent.com/message?sessionId=81f4d8b0-54ba-4c89-a176-d6fe0160d5be&status=Online&runnerVersion=2.323.0&os=Linux&architecture=ARM64&disableUpdate=false has been cancelled.
[2025-04-18 12:07:38Z ERR  BrokerServer] Catch exception during request
[2025-04-18 12:07:38Z ERR  BrokerServer] System.Threading.Tasks.TaskCanceledException: The operation was canceled.
 ---> System.Threading.Tasks.TaskCanceledException: The operation was canceled.
 ---> System.IO.IOException: Unable to read data from the transport connection: Operation canceled.
 ---> System.Net.Sockets.SocketException (125): Operation canceled
   --- End of inner exception stack trace ---
   at System.Net.Sockets.Socket.AwaitableSocketAsyncEventArgs.ThrowException(SocketError error, CancellationToken cancellationToken)
   at System.Net.Sockets.Socket.AwaitableSocketAsyncEventArgs.System.Threading.Tasks.Sources.IValueTaskSource<System.Int32>.GetResult(Int16 token)
   at System.Net.Security.SslStream.EnsureFullTlsFrameAsync[TIOAdapter](CancellationToken cancellationToken, Int32 estimatedSize)
   at System.Runtime.CompilerServices.PoolingAsyncValueTaskMethodBuilder`1.StateMachineBox`1.System.Threading.Tasks.Sources.IValueTaskSource<TResult>.GetResult(Int16 token)
   at System.Net.Security.SslStream.ReadAsyncInternal[TIOAdapter](Memory`1 buffer, CancellationToken cancellationToken)
   at System.Runtime.CompilerServices.PoolingAsyncValueTaskMethodBuilder`1.StateMachineBox`1.System.Threading.Tasks.Sources.IValueTaskSource<TResult>.GetResult(Int16 token)
   at System.Net.Http.HttpConnection.SendAsync(HttpRequestMessage request, Boolean async, CancellationToken cancellationToken)
   --- End of inner exception stack trace ---
   at System.Net.Http.HttpConnection.SendAsync(HttpRequestMessage request, Boolean async, CancellationToken cancellationToken)
   at System.Net.Http.AuthenticationHelper.SendWithNtAuthAsync(HttpRequestMessage request, Uri authUri, Boolean async, ICredentials credentials, Boolean isProxyAuth, HttpConnection connection, HttpConnectionPool connectionPool, CancellationToken cancellationToken)
   at System.Net.Http.HttpConnectionPool.SendWithVersionDetectionAndRetryAsync(HttpRequestMessage request, Boolean async, Boolean doRequestAuth, CancellationToken cancellationToken)
   at System.Net.Http.AuthenticationHelper.SendWithAuthAsync(HttpRequestMessage request, Uri authUri, Boolean async, ICredentials credentials, Boolean preAuthenticate, Boolean isProxyAuth, Boolean doRequestAuth, HttpConnectionPool pool, CancellationToken cancellationToken)
   at System.Net.Http.RedirectHandler.SendAsync(HttpRequestMessage request, Boolean async, CancellationToken cancellationToken)
   at GitHub.Services.Common.RawHttpMessageHandler.SendAsync(HttpRequestMessage request, CancellationToken cancellationToken)
   at GitHub.Services.Common.VssHttpRetryMessageHandler.SendAsync(HttpRequestMessage request, CancellationToken cancellationToken)
   at System.Net.Http.HttpClient.<SendAsync>g__Core|83_0(HttpRequestMessage request, HttpCompletionOption completionOption, CancellationTokenSource cts, Boolean disposeCts, CancellationTokenSource pendingRequestsCts, CancellationToken originalCancellationToken)
   --- End of inner exception stack trace ---
   at System.Net.Http.HttpClient.HandleFailure(Exception e, Boolean telemetryStarted, HttpResponseMessage response, CancellationTokenSource cts, CancellationToken cancellationToken, CancellationTokenSource pendingRequestsCts)
   at System.Net.Http.HttpClient.<SendAsync>g__Core|83_0(HttpRequestMessage request, HttpCompletionOption completionOption, CancellationTokenSource cts, Boolean disposeCts, CancellationTokenSource pendingRequestsCts, CancellationToken originalCancellationToken)
   at Sdk.WebApi.WebApi.RawHttpClientBase.SendAsync(HttpRequestMessage message, HttpCompletionOption completionOption, Object userState, CancellationToken cancellationToken)
   at Sdk.WebApi.WebApi.RawHttpClientBase.SendAsync[T](HttpRequestMessage message, Boolean readErrorBody, Object userState, CancellationToken cancellationToken)
   at Sdk.WebApi.WebApi.RawHttpClientBase.SendAsync[T](HttpMethod method, IEnumerable`1 additionalHeaders, Uri requestUri, HttpContent content, IEnumerable`1 queryParameters, Boolean readErrorBody, Object userState, CancellationToken cancellationToken)
   at GitHub.Actions.RunService.WebApi.BrokerHttpClient.GetRunnerMessageAsync(Nullable`1 sessionId, String runnerVersion, Nullable`1 status, String os, String architecture, Nullable`1 disableUpdate, CancellationToken cancellationToken)
   at GitHub.Runner.Common.BrokerServer.<>c__DisplayClass7_0.<<GetRunnerMessageAsync>b__0>d.MoveNext()
--- End of stack trace from previous location ---
   at GitHub.Runner.Common.RunnerService.RetryRequest[T](Func`1 func, CancellationToken cancellationToken, Int32 maxRetryAttemptsCount, Func`2 shouldRetry)
[2025-04-18 12:07:38Z ERR  BrokerServer] #####################################################
[2025-04-18 12:07:38Z ERR  BrokerServer] System.Threading.Tasks.TaskCanceledException: The operation was canceled.
 ---> System.IO.IOException: Unable to read data from the transport connection: Operation canceled.
 ---> System.Net.Sockets.SocketException (125): Operation canceled
   --- End of inner exception stack trace ---
   at System.Net.Sockets.Socket.AwaitableSocketAsyncEventArgs.ThrowException(SocketError error, CancellationToken cancellationToken)
   at System.Net.Sockets.Socket.AwaitableSocketAsyncEventArgs.System.Threading.Tasks.Sources.IValueTaskSource<System.Int32>.GetResult(Int16 token)
   at System.Net.Security.SslStream.EnsureFullTlsFrameAsync[TIOAdapter](CancellationToken cancellationToken, Int32 estimatedSize)
   at System.Runtime.CompilerServices.PoolingAsyncValueTaskMethodBuilder`1.StateMachineBox`1.System.Threading.Tasks.Sources.IValueTaskSource<TResult>.GetResult(Int16 token)
   at System.Net.Security.SslStream.ReadAsyncInternal[TIOAdapter](Memory`1 buffer, CancellationToken cancellationToken)
   at System.Runtime.CompilerServices.PoolingAsyncValueTaskMethodBuilder`1.StateMachineBox`1.System.Threading.Tasks.Sources.IValueTaskSource<TResult>.GetResult(Int16 token)
   at System.Net.Http.HttpConnection.SendAsync(HttpRequestMessage request, Boolean async, CancellationToken cancellationToken)
   --- End of inner exception stack trace ---
   at System.Net.Http.HttpConnection.SendAsync(HttpRequestMessage request, Boolean async, CancellationToken cancellationToken)
   at System.Net.Http.AuthenticationHelper.SendWithNtAuthAsync(HttpRequestMessage request, Uri authUri, Boolean async, ICredentials credentials, Boolean isProxyAuth, HttpConnection connection, HttpConnectionPool connectionPool, CancellationToken cancellationToken)
   at System.Net.Http.HttpConnectionPool.SendWithVersionDetectionAndRetryAsync(HttpRequestMessage request, Boolean async, Boolean doRequestAuth, CancellationToken cancellationToken)
   at System.Net.Http.AuthenticationHelper.SendWithAuthAsync(HttpRequestMessage request, Uri authUri, Boolean async, ICredentials credentials, Boolean preAuthenticate, Boolean isProxyAuth, Boolean doRequestAuth, HttpConnectionPool pool, CancellationToken cancellationToken)
   at System.Net.Http.RedirectHandler.SendAsync(HttpRequestMessage request, Boolean async, CancellationToken cancellationToken)
   at GitHub.Services.Common.RawHttpMessageHandler.SendAsync(HttpRequestMessage request, CancellationToken cancellationToken)
   at GitHub.Services.Common.VssHttpRetryMessageHandler.SendAsync(HttpRequestMessage request, CancellationToken cancellationToken)
   at System.Net.Http.HttpClient.<SendAsync>g__Core|83_0(HttpRequestMessage request, HttpCompletionOption completionOption, CancellationTokenSource cts, Boolean disposeCts, CancellationTokenSource pendingRequestsCts, CancellationToken originalCancellationToken)
[2025-04-18 12:07:38Z ERR  BrokerServer] #####################################################
[2025-04-18 12:07:38Z ERR  BrokerServer] System.IO.IOException: Unable to read data from the transport connection: Operation canceled.
 ---> System.Net.Sockets.SocketException (125): Operation canceled
   --- End of inner exception stack trace ---
   at System.Net.Sockets.Socket.AwaitableSocketAsyncEventArgs.ThrowException(SocketError error, CancellationToken cancellationToken)
   at System.Net.Sockets.Socket.AwaitableSocketAsyncEventArgs.System.Threading.Tasks.Sources.IValueTaskSource<System.Int32>.GetResult(Int16 token)
   at System.Net.Security.SslStream.EnsureFullTlsFrameAsync[TIOAdapter](CancellationToken cancellationToken, Int32 estimatedSize)
   at System.Runtime.CompilerServices.PoolingAsyncValueTaskMethodBuilder`1.StateMachineBox`1.System.Threading.Tasks.Sources.IValueTaskSource<TResult>.GetResult(Int16 token)
   at System.Net.Security.SslStream.ReadAsyncInternal[TIOAdapter](Memory`1 buffer, CancellationToken cancellationToken)
   at System.Runtime.CompilerServices.PoolingAsyncValueTaskMethodBuilder`1.StateMachineBox`1.System.Threading.Tasks.Sources.IValueTaskSource<TResult>.GetResult(Int16 token)
   at System.Net.Http.HttpConnection.SendAsync(HttpRequestMessage request, Boolean async, CancellationToken cancellationToken)
[2025-04-18 12:07:38Z ERR  BrokerServer] #####################################################
[2025-04-18 12:07:38Z ERR  BrokerServer] System.Net.Sockets.SocketException (125): Operation canceled
[2025-04-18 12:07:38Z WARN BrokerServer] Back off 14.787 seconds before next retry. 4 attempt left.
[2025-04-18 12:07:38Z INFO MessageListener] Get next message has been cancelled.
[2025-04-18 12:07:38Z INFO JobDispatcher] Shutting down JobDispatcher. Make sure all WorkerDispatcher has finished.
[2025-04-18 12:07:38Z INFO JobDispatcher] Ensure WorkerDispatcher for job d72ce1fa-ed96-574c-9162-c941a3425592 run to finish, cancel any running job.
[2025-04-18 12:07:38Z INFO JobDispatcher] Job request d72ce1fa-ed96-574c-9162-c941a3425592 processed succeed.
[2025-04-18 12:07:38Z INFO Runner] Deleting Runner Session...
[2025-04-18 12:07:38Z INFO Listener] Runner execution been cancelled.
