[2025-04-18 10:47:58Z INFO HostContext] No proxy settings were found based on environmental variables (http_proxy/https_proxy/HTTP_PROXY/HTTPS_PROXY)
[2025-04-18 10:47:58Z INFO HostContext] Well known directory 'Bin': '/home/aprelix/courseproject/courseproject/actions-runner/bin'
[2025-04-18 10:47:58Z INFO HostContext] Well known directory 'Root': '/home/aprelix/courseproject/courseproject/actions-runner'
[2025-04-18 10:47:58Z INFO HostContext] Well known config file 'Credentials': '/home/aprelix/courseproject/courseproject/actions-runner/.credentials'
[2025-04-18 10:47:58Z INFO HostContext] Well known directory 'Bin': '/home/aprelix/courseproject/courseproject/actions-runner/bin'
[2025-04-18 10:47:58Z INFO HostContext] Well known directory 'Root': '/home/aprelix/courseproject/courseproject/actions-runner'
[2025-04-18 10:47:58Z INFO HostContext] Well known config file 'Runner': '/home/aprelix/courseproject/courseproject/actions-runner/.runner'
[2025-04-18 10:47:58Z INFO Listener] Runner is built for Linux (Arm64) - linux-arm64.
[2025-04-18 10:47:58Z INFO Listener] RuntimeInformation: Ubuntu 24.10.
[2025-04-18 10:47:58Z INFO Listener] Version: 2.323.0
[2025-04-18 10:47:58Z INFO Listener] Commit: d8b82f44a9ec0258904d5869ae683c31d5aac299
[2025-04-18 10:47:58Z INFO Listener] Culture: en-US
[2025-04-18 10:47:58Z INFO Listener] UI Culture: en-US
[2025-04-18 10:47:58Z INFO HostContext] Well known directory 'Bin': '/home/aprelix/courseproject/courseproject/actions-runner/bin'
[2025-04-18 10:47:58Z INFO HostContext] Well known directory 'Root': '/home/aprelix/courseproject/courseproject/actions-runner'
[2025-04-18 10:47:58Z INFO Listener] Validating directory permissions for: '/home/aprelix/courseproject/courseproject/actions-runner'
[2025-04-18 10:47:58Z INFO CommandLineParser] Parse
[2025-04-18 10:47:58Z INFO CommandLineParser] Parsing 1 args
[2025-04-18 10:47:58Z INFO CommandLineParser] parsing argument
[2025-04-18 10:47:58Z INFO CommandLineParser] HasArgs: False
[2025-04-18 10:47:58Z INFO CommandLineParser] Adding Command: run
[2025-04-18 10:47:58Z INFO Listener] Arguments parsed
[2025-04-18 10:47:58Z INFO Runner] ExecuteCommand
[2025-04-18 10:47:58Z INFO ConfigurationStore] currentAssemblyLocation: /home/aprelix/courseproject/courseproject/actions-runner/bin/Runner.Listener.dll
[2025-04-18 10:47:58Z INFO HostContext] Well known directory 'Bin': '/home/aprelix/courseproject/courseproject/actions-runner/bin'
[2025-04-18 10:47:58Z INFO ConfigurationStore] binPath: /home/aprelix/courseproject/courseproject/actions-runner/bin
[2025-04-18 10:47:58Z INFO HostContext] Well known directory 'Bin': '/home/aprelix/courseproject/courseproject/actions-runner/bin'
[2025-04-18 10:47:58Z INFO HostContext] Well known directory 'Root': '/home/aprelix/courseproject/courseproject/actions-runner'
[2025-04-18 10:47:58Z INFO ConfigurationStore] RootFolder: /home/aprelix/courseproject/courseproject/actions-runner
[2025-04-18 10:47:58Z INFO HostContext] Well known directory 'Bin': '/home/aprelix/courseproject/courseproject/actions-runner/bin'
[2025-04-18 10:47:58Z INFO HostContext] Well known directory 'Root': '/home/aprelix/courseproject/courseproject/actions-runner'
[2025-04-18 10:47:58Z INFO HostContext] Well known config file 'Runner': '/home/aprelix/courseproject/courseproject/actions-runner/.runner'
[2025-04-18 10:47:58Z INFO ConfigurationStore] ConfigFilePath: /home/aprelix/courseproject/courseproject/actions-runner/.runner
[2025-04-18 10:47:58Z INFO HostContext] Well known directory 'Bin': '/home/aprelix/courseproject/courseproject/actions-runner/bin'
[2025-04-18 10:47:58Z INFO HostContext] Well known directory 'Root': '/home/aprelix/courseproject/courseproject/actions-runner'
[2025-04-18 10:47:58Z INFO HostContext] Well known config file 'MigratedRunner': '/home/aprelix/courseproject/courseproject/actions-runner/.runner_migrated'
[2025-04-18 10:47:58Z INFO ConfigurationStore] MigratedConfigFilePath: /home/aprelix/courseproject/courseproject/actions-runner/.runner_migrated
[2025-04-18 10:47:58Z INFO HostContext] Well known directory 'Bin': '/home/aprelix/courseproject/courseproject/actions-runner/bin'
[2025-04-18 10:47:58Z INFO HostContext] Well known directory 'Root': '/home/aprelix/courseproject/courseproject/actions-runner'
[2025-04-18 10:47:58Z INFO HostContext] Well known config file 'Credentials': '/home/aprelix/courseproject/courseproject/actions-runner/.credentials'
[2025-04-18 10:47:58Z INFO ConfigurationStore] CredFilePath: /home/aprelix/courseproject/courseproject/actions-runner/.credentials
[2025-04-18 10:47:58Z INFO HostContext] Well known directory 'Bin': '/home/aprelix/courseproject/courseproject/actions-runner/bin'
[2025-04-18 10:47:58Z INFO HostContext] Well known directory 'Root': '/home/aprelix/courseproject/courseproject/actions-runner'
[2025-04-18 10:47:58Z INFO HostContext] Well known config file 'MigratedCredentials': '/home/aprelix/courseproject/courseproject/actions-runner/.credentials_migrated'
[2025-04-18 10:47:58Z INFO ConfigurationStore] MigratedCredFilePath: /home/aprelix/courseproject/courseproject/actions-runner/.credentials_migrated
[2025-04-18 10:47:58Z INFO HostContext] Well known directory 'Bin': '/home/aprelix/courseproject/courseproject/actions-runner/bin'
[2025-04-18 10:47:58Z INFO HostContext] Well known directory 'Root': '/home/aprelix/courseproject/courseproject/actions-runner'
[2025-04-18 10:47:58Z INFO HostContext] Well known config file 'Service': '/home/aprelix/courseproject/courseproject/actions-runner/.service'
[2025-04-18 10:47:58Z INFO ConfigurationStore] ServiceConfigFilePath: /home/aprelix/courseproject/courseproject/actions-runner/.service
[2025-04-18 10:47:58Z INFO CommandSettings] Flag 'help': 'False'
[2025-04-18 10:47:58Z INFO CommandSettings] Flag 'version': 'False'
[2025-04-18 10:47:58Z INFO CommandSettings] Flag 'commit': 'False'
[2025-04-18 10:47:58Z INFO CommandSettings] Flag 'check': 'False'
[2025-04-18 10:47:58Z INFO CommandSettings] Command 'configure': 'False'
[2025-04-18 10:47:58Z INFO CommandSettings] Command 'remove': 'False'
[2025-04-18 10:47:58Z INFO CommandSettings] Command 'warmup': 'False'
[2025-04-18 10:47:58Z INFO ConfigurationManager] LoadSettings
[2025-04-18 10:47:58Z INFO ConfigurationStore] IsConfigured()
[2025-04-18 10:47:58Z INFO ConfigurationStore] IsConfigured: True
[2025-04-18 10:47:58Z INFO ConfigurationManager] Is configured: True
[2025-04-18 10:47:58Z INFO ConfigurationStore] Read setting file: 301 chars
[2025-04-18 10:47:58Z INFO ConfigurationManager] Settings Loaded
[2025-04-18 10:47:58Z INFO ConfigurationStore] IsServiceConfigured()
[2025-04-18 10:47:58Z INFO ConfigurationStore] IsServiceConfigured: False
[2025-04-18 10:47:58Z INFO CommandSettings] Command 'run': 'True'
[2025-04-18 10:47:58Z INFO ConfigurationStore] IsConfigured()
[2025-04-18 10:47:58Z INFO ConfigurationStore] IsConfigured: True
[2025-04-18 10:47:58Z INFO ConfigurationManager] Is configured: True
[2025-04-18 10:47:58Z INFO Runner] Could not parse the argument value '' for StartupType. Defaulting to Manual
[2025-04-18 10:47:58Z INFO Runner] Set runner startup type - Manual
[2025-04-18 10:47:58Z INFO CommandSettings] Flag 'once': 'False'
[2025-04-18 10:47:58Z INFO CommandSettings] Flag 'once': 'False'
[2025-04-18 10:47:58Z INFO Runner] RunAsync
[2025-04-18 10:47:58Z INFO ConfigurationManager] LoadSettings
[2025-04-18 10:47:58Z INFO ConfigurationStore] IsConfigured()
[2025-04-18 10:47:58Z INFO ConfigurationStore] IsConfigured: True
[2025-04-18 10:47:58Z INFO ConfigurationManager] Is configured: True
[2025-04-18 10:47:58Z INFO ConfigurationManager] Settings Loaded
[2025-04-18 10:47:58Z INFO MessageListener] {
  "AgentId": 22,
  "AgentName": "grisha",
  "PoolId": 1,
  "PoolName": "Default",
  "ServerUrl": "https://pipelinesghubeus5.actions.githubusercontent.com/0wQjaOheEfxSLcxUXTTDf7v2W8Oi9QWFpSBZRbURgOKlg08FeQ/",
  "GitHubUrl": "https://github.com/grisha-topolev/courseproject",
  "WorkFolder": "_work"
}
[2025-04-18 10:47:58Z INFO MessageListener] Loading Credentials
[2025-04-18 10:47:58Z INFO ConfigurationStore] HasCredentials()
[2025-04-18 10:47:58Z INFO ConfigurationStore] stored True
[2025-04-18 10:47:58Z INFO CredentialManager] GetCredentialProvider
[2025-04-18 10:47:58Z INFO CredentialManager] Creating type OAuth
[2025-04-18 10:47:58Z INFO CredentialManager] Creating credential type: OAuth
[2025-04-18 10:47:58Z INFO HostContext] Well known directory 'Bin': '/home/aprelix/courseproject/courseproject/actions-runner/bin'
[2025-04-18 10:47:58Z INFO HostContext] Well known directory 'Root': '/home/aprelix/courseproject/courseproject/actions-runner'
[2025-04-18 10:47:58Z INFO HostContext] Well known config file 'RSACredentials': '/home/aprelix/courseproject/courseproject/actions-runner/.credentials_rsaparams'
[2025-04-18 10:47:58Z INFO RSAFileKeyManager] Loading RSA key parameters from file /home/aprelix/courseproject/courseproject/actions-runner/.credentials_rsaparams
[2025-04-18 10:47:58Z INFO MessageListener] Attempt to create session.
[2025-04-18 10:47:58Z INFO MessageListener] Connecting to the Runner Server...
[2025-04-18 10:47:58Z INFO RunnerServer] EstablishVssConnection
[2025-04-18 10:47:58Z INFO RunnerServer] Establish connection with 100 seconds timeout.
[2025-04-18 10:47:59Z INFO GitHubActionsService] Starting operation Location.GetConnectionData
[2025-04-18 10:47:59Z INFO RunnerServer] EstablishVssConnection
[2025-04-18 10:47:59Z INFO RunnerServer] Establish connection with 60 seconds timeout.
[2025-04-18 10:47:59Z INFO GitHubActionsService] Starting operation Location.GetConnectionData
[2025-04-18 10:47:59Z INFO RunnerServer] EstablishVssConnection
[2025-04-18 10:47:59Z INFO RunnerServer] Establish connection with 60 seconds timeout.
[2025-04-18 10:47:59Z INFO GitHubActionsService] Starting operation Location.GetConnectionData
[2025-04-18 10:48:16Z INFO Terminal] WRITE LINE: Exiting...
[2025-04-18 10:48:16Z INFO ConfigurationStore] IsServiceConfigured()
[2025-04-18 10:48:16Z INFO ConfigurationStore] IsServiceConfigured: False
[2025-04-18 10:48:16Z INFO HostContext] Runner will be shutdown for UserCancelled
[2025-04-18 10:48:59Z WARN GitHubActionsService] GET request to https://pipelinesghubeus5.actions.githubusercontent.com/0wQjaOheEfxSLcxUXTTDf7v2W8Oi9QWFpSBZRbURgOKlg08FeQ/_apis/connectionData?connectOptions=0&lastChangeId=5050371&lastChangeId64=5050371 timed out after 60 seconds.
[2025-04-18 10:48:59Z WARN GitHubActionsService] GET request to https://pipelinesghubeus5.actions.githubusercontent.com/0wQjaOheEfxSLcxUXTTDf7v2W8Oi9QWFpSBZRbURgOKlg08FeQ/_apis/connectionData?connectOptions=0&lastChangeId=5050371&lastChangeId64=5050371 timed out after 60 seconds.
[2025-04-18 10:48:59Z INFO GitHubActionsService] Finished operation Location.GetConnectionData
[2025-04-18 10:48:59Z INFO GitHubActionsService] Finished operation Location.GetConnectionData
[2025-04-18 10:48:59Z INFO GitHubActionsService] Starting operation Location.GetConnectionData
[2025-04-18 10:48:59Z INFO GitHubActionsService] Starting operation Location.GetConnectionData
[2025-04-18 10:49:04Z INFO GitHubActionsService] Finished operation Location.GetConnectionData
[2025-04-18 10:49:04Z INFO GitHubActionsService] Finished operation Location.GetConnectionData
[2025-04-18 10:49:39Z WARN GitHubActionsService] GET request to https://pipelinesghubeus5.actions.githubusercontent.com/0wQjaOheEfxSLcxUXTTDf7v2W8Oi9QWFpSBZRbURgOKlg08FeQ/_apis/connectionData?connectOptions=0&lastChangeId=5050371&lastChangeId64=5050371 timed out after 100 seconds.
[2025-04-18 10:49:39Z INFO GitHubActionsService] Finished operation Location.GetConnectionData
[2025-04-18 10:49:39Z INFO GitHubActionsService] Starting operation Location.GetConnectionData
[2025-04-18 10:49:44Z INFO GitHubActionsService] Finished operation Location.GetConnectionData
[2025-04-18 10:49:44Z INFO MessageListener] VssConnection created
[2025-04-18 10:49:44Z INFO Terminal] WRITE LINE: 
[2025-04-18 10:49:44Z INFO Terminal] WRITE LINE: 
[2025-04-18 10:49:44Z WARN GitHubActionsService] POST request to https://pipelinesghubeus5.actions.githubusercontent.com/0wQjaOheEfxSLcxUXTTDf7v2W8Oi9QWFpSBZRbURgOKlg08FeQ/_apis/distributedtask/pools/1/sessions has been cancelled.
[2025-04-18 10:49:44Z INFO MessageListener] Session creation has been cancelled.
[2025-04-18 10:49:44Z INFO Listener] Runner execution been cancelled.
